[    0.000000] Initializing cgroup subsys cpuset
[    0.000000] Initializing cgroup subsys cpu
[    0.000000] Initializing cgroup subsys cpuacct
[    0.000000] Linux version 4.4.0-210-generic (buildd@lgw01-amd64-009) (gcc version 5.4.0 20160609 (Ubuntu 5.4.0-6ubuntu1~16.04.12) ) #242-Ubuntu SMP Fri Apr 16 09:57:56 UTC 2021 (Ubuntu 4.4.0-210.242-generic 4.4.262)
[    0.000000] Command line: BOOT_IMAGE=/boot/vmlinuz-4.4.0-210-generic root=LABEL=cloudimg-rootfs ro console=tty1 console=ttyS0
[    0.000000] KERNEL supported cpus:
[    0.000000]   Intel GenuineIntel
[    0.000000]   AMD AuthenticAMD
[    0.000000]   Centaur CentaurHauls
[    0.000000] x86/fpu: xstate_offset[2]:  576, xstate_sizes[2]:  256
[    0.000000] x86/fpu: Supporting XSAVE feature 0x01: 'x87 floating point registers'
[    0.000000] x86/fpu: Supporting XSAVE feature 0x02: 'SSE registers'
[    0.000000] x86/fpu: Supporting XSAVE feature 0x04: 'AVX registers'
[    0.000000] x86/fpu: Enabled xstate features 0x7, context size is 832 bytes, using 'standard' format.
[    0.000000] e820: BIOS-provided physical RAM map:
[    0.000000] BIOS-e820: [mem 0x0000000000000000-0x000000000009fbff] usable
[    0.000000] BIOS-e820: [mem 0x000000000009fc00-0x000000000009ffff] reserved
[    0.000000] BIOS-e820: [mem 0x00000000000f0000-0x00000000000fffff] reserved
[    0.000000] BIOS-e820: [mem 0x0000000000100000-0x000000003ffeffff] usable
[    0.000000] BIOS-e820: [mem 0x000000003fff0000-0x000000003fffffff] ACPI data
[    0.000000] BIOS-e820: [mem 0x00000000fec00000-0x00000000fec00fff] reserved
[    0.000000] BIOS-e820: [mem 0x00000000fee00000-0x00000000fee00fff] reserved
[    0.000000] BIOS-e820: [mem 0x00000000fffc0000-0x00000000ffffffff] reserved
[    0.000000] NX (Execute Disable) protection: active
[    0.000000] SMBIOS 2.5 present.
[    0.000000] Hypervisor detected: KVM
[    0.000000] e820: last_pfn = 0x3fff0 max_arch_pfn = 0x400000000
[    0.000000] MTRR: Disabled
[    0.000000] x86/PAT: MTRRs disabled, skipping PAT initialization too.
[    0.000000] CPU MTRRs all blank - virtualized system.
[    0.000000] x86/PAT: Configuration [0-7]: WB  WT  UC- UC  WB  WT  UC- UC  
[    0.000000] found SMP MP-table at [mem 0x0009fff0-0x0009ffff] mapped at [ffff88000009fff0]
[    0.000000] Scanning 1 areas for low memory corruption
[    0.000000] RAMDISK: [mem 0x362dc000-0x37165fff]
[    0.000000] ACPI: Early table checksum verification disabled
[    0.000000] ACPI: RSDP 0x00000000000E0000 000024 (v02 VBOX  )
[    0.000000] ACPI: XSDT 0x000000003FFF0030 00003C (v01 VBOX   VBOXXSDT 00000001 ASL  00000061)
[    0.000000] ACPI: FACP 0x000000003FFF00F0 0000F4 (v04 VBOX   VBOXFACP 00000001 ASL  00000061)
[    0.000000] ACPI: DSDT 0x000000003FFF0610 002353 (v02 VBOX   VBOXBIOS 00000002 INTL 20200925)
[    0.000000] ACPI: FACS 0x000000003FFF0200 000040
[    0.000000] ACPI: FACS 0x000000003FFF0200 000040
[    0.000000] ACPI: APIC 0x000000003FFF0240 000054 (v02 VBOX   VBOXAPIC 00000001 ASL  00000061)
[    0.000000] ACPI: SSDT 0x000000003FFF02A0 00036C (v01 VBOX   VBOXCPUT 00000002 INTL 20200925)
[    0.000000] No NUMA configuration found
[    0.000000] Faking a node at [mem 0x0000000000000000-0x000000003ffeffff]
[    0.000000] NODE_DATA(0) allocated [mem 0x3ffeb000-0x3ffeffff]
[    0.000000] kvm-clock: Using msrs 4b564d01 and 4b564d00
[    0.000000] kvm-clock: cpu 0, msr 0:3ffe3001, primary cpu clock
[    0.000000] kvm-clock: using sched offset of 2982539539 cycles
[    0.000000] clocksource: kvm-clock: mask: 0xffffffffffffffff max_cycles: 0x1cd42e4dffb, max_idle_ns: 881590591483 ns
[    0.000000] Zone ranges:
[    0.000000]   DMA      [mem 0x0000000000001000-0x0000000000ffffff]
[    0.000000]   DMA32    [mem 0x0000000001000000-0x000000003ffeffff]
[    0.000000]   Normal   empty
[    0.000000]   Device   empty
[    0.000000] Movable zone start for each node
[    0.000000] Early memory node ranges
[    0.000000]   node   0: [mem 0x0000000000001000-0x000000000009efff]
[    0.000000]   node   0: [mem 0x0000000000100000-0x000000003ffeffff]
[    0.000000] Initmem setup node 0 [mem 0x0000000000001000-0x000000003ffeffff]
[    0.000000] ACPI: PM-Timer IO Port: 0x4008
[    0.000000] IOAPIC[0]: apic_id 1, version 32, address 0xfec00000, GSI 0-23
[    0.000000] ACPI: INT_SRC_OVR (bus 0 bus_irq 0 global_irq 2 dfl dfl)
[    0.000000] ACPI: INT_SRC_OVR (bus 0 bus_irq 9 global_irq 9 low level)
[    0.000000] Using ACPI (MADT) for SMP configuration information
[    0.000000] smpboot: Allowing 1 CPUs, 0 hotplug CPUs
[    0.000000] PM: Registered nosave memory: [mem 0x00000000-0x00000fff]
[    0.000000] PM: Registered nosave memory: [mem 0x0009f000-0x0009ffff]
[    0.000000] PM: Registered nosave memory: [mem 0x000a0000-0x000effff]
[    0.000000] PM: Registered nosave memory: [mem 0x000f0000-0x000fffff]
[    0.000000] e820: [mem 0x40000000-0xfebfffff] available for PCI devices
[    0.000000] Booting paravirtualized kernel on KVM
[    0.000000] clocksource: refined-jiffies: mask: 0xffffffff max_cycles: 0xffffffff, max_idle_ns: 7645519600211568 ns
[    0.000000] setup_percpu: NR_CPUS:512 nr_cpumask_bits:512 nr_cpu_ids:1 nr_node_ids:1
[    0.000000] PERCPU: Embedded 33 pages/cpu @ffff88003fc00000 s95192 r8192 d31784 u2097152
[    0.000000] Built 1 zonelists in Node order, mobility grouping on.  Total pages: 257912
[    0.000000] Policy zone: DMA32
[    0.000000] Kernel command line: BOOT_IMAGE=/boot/vmlinuz-4.4.0-210-generic root=LABEL=cloudimg-rootfs ro console=tty1 console=ttyS0
[    0.000000] PID hash table entries: 4096 (order: 3, 32768 bytes)
[    0.000000] Memory: 997924K/1048120K available (8644K kernel code, 1332K rwdata, 4044K rodata, 1492K init, 1164K bss, 50196K reserved, 0K cma-reserved)
[    0.000000] SLUB: HWalign=64, Order=0-3, MinObjects=0, CPUs=1, Nodes=1
[    0.000000] Kernel/User page tables isolation: enabled
[    0.000000] Hierarchical RCU implementation.
[    0.000000] 	Build-time adjustment of leaf fanout to 64.
[    0.000000] 	RCU restricting CPUs from NR_CPUS=512 to nr_cpu_ids=1.
[    0.000000] RCU: Adjusting geometry for rcu_fanout_leaf=64, nr_cpu_ids=1
[    0.000000] NR_IRQS:33024 nr_irqs:256 16
[    0.000000] Console: colour VGA+ 80x25
[    0.000000] console [tty1] enabled
[    0.000000] console [ttyS0] enabled
[    0.000000] tsc: Detected 1799.998 MHz processor
[    0.137004] Calibrating delay loop (skipped) preset value.. 3599.99 BogoMIPS (lpj=7199992)
[    0.138751] pid_max: default: 32768 minimum: 301
[    0.139693] ACPI: Core revision 20150930
[    0.142454] ACPI: 2 ACPI AML tables successfully acquired and loaded
[    0.143805] Security Framework initialized
[    0.144740] Yama: becoming mindful.
[    0.145542] AppArmor: AppArmor initialized
[    0.146505] Dentry cache hash table entries: 131072 (order: 8, 1048576 bytes)
[    0.147977] Inode-cache hash table entries: 65536 (order: 7, 524288 bytes)
[    0.149312] Mount-cache hash table entries: 2048 (order: 2, 16384 bytes)
[    0.150559] Mountpoint-cache hash table entries: 2048 (order: 2, 16384 bytes)
[    0.152040] Initializing cgroup subsys io
[    0.152925] Initializing cgroup subsys memory
[    0.153891] Initializing cgroup subsys devices
[    0.154820] Initializing cgroup subsys freezer
[    0.155767] Initializing cgroup subsys net_cls
[    0.156703] Initializing cgroup subsys perf_event
[    0.157638] Initializing cgroup subsys net_prio
[    0.158563] Initializing cgroup subsys hugetlb
[    0.159461] Initializing cgroup subsys pids
[    0.174923] mce: CPU supports 0 MCE banks
[    0.176193] process: using mwait in idle threads
[    0.177284] Last level iTLB entries: 4KB 64, 2MB 8, 4MB 8
[    0.178277] Last level dTLB entries: 4KB 64, 2MB 0, 4MB 0, 1GB 4
[    0.179337] Spectre V1 : Mitigation: usercopy/swapgs barriers and __user pointer sanitization
[    0.180984] Spectre V2 : Mitigation: Full generic retpoline
[    0.182142] Spectre V2 : Spectre v2 / SpectreRSB mitigation: Filling RSB on context switch
[    0.183749] Speculative Store Bypass: Vulnerable
[    0.184760] SRBDS: Unknown: Dependent on hypervisor status
[    0.185930] MDS: Mitigation: Clear CPU buffers
[    0.205985] Freeing SMP alternatives memory: 36K
[    0.212249] ftrace: allocating 32380 entries in 127 pages
[    0.265977] smpboot: APIC(0) Converting physical 0 to logical package 0
[    0.267296] smpboot: Max logical packages: 1
[    0.268516] x2apic enabled
[    0.269724] Switched APIC routing to physical x2apic.
[    0.272414] ..TIMER: vector=0x30 apic1=0 pin1=2 apic2=-1 pin2=-1
[    0.381867] smpboot: CPU0: Intel(R) Core(TM) i5-8265U CPU @ 1.60GHz (family: 0x6, model: 0x8e, stepping: 0xb)
[    0.384668] Performance Events: unsupported p6 CPU model 142 no PMU driver, software events only.
[    0.395221] KVM setup paravirtual spinlock
[    0.396972] x86: Booted up 1 node, 1 CPUs
[    0.397963] smpboot: Total of 1 processors activated (3599.99 BogoMIPS)
[    0.399680] devtmpfs: initialized
[    0.402265] evm: security.selinux
[    0.403169] evm: security.SMACK64
[    0.404064] evm: security.SMACK64EXEC
[    0.405015] evm: security.SMACK64TRANSMUTE
[    0.406070] evm: security.SMACK64MMAP
[    0.407119] evm: security.ima
[    0.408008] evm: security.capability
[    0.409098] clocksource: jiffies: mask: 0xffffffff max_cycles: 0xffffffff, max_idle_ns: 7645041785100000 ns
[    0.411440] futex hash table entries: 256 (order: 2, 16384 bytes)
[    0.412896] pinctrl core: initialized pinctrl subsystem
[    0.414230] RTC time: 23:31:58, date: 11/18/23
[    0.415641] NET: Registered protocol family 16
[    0.417014] cpuidle: using governor ladder
[    0.418163] cpuidle: using governor menu
[    0.419216] PCCT header not found.
[    0.420225] ACPI: bus type PCI registered
[    0.421190] acpiphp: ACPI Hot Plug PCI Controller Driver version: 0.5
[    0.422625] PCI: Using configuration type 1 for base access
[    0.424856] ACPI: Added _OSI(Module Device)
[    0.425907] ACPI: Added _OSI(Processor Device)
[    0.426940] ACPI: Added _OSI(3.0 _SCP Extensions)
[    0.428112] ACPI: Added _OSI(Processor Aggregator Device)
[    0.429959] ACPI: Executed 1 blocks of module-level executable AML code
[    0.433623] ACPI: Interpreter enabled
[    0.434652] ACPI: (supports S0 S5)
[    0.435601] ACPI: Using IOAPIC for interrupt routing
[    0.436989] PCI: Using host bridge windows from ACPI; if necessary, use "pci=nocrs" and report a bug
[    0.442385] ACPI: PCI Root Bridge [PCI0] (domain 0000 [bus 00-ff])
[    0.443708] acpi PNP0A03:00: _OSC: OS supports [ASPM ClockPM Segments MSI]
[    0.445393] acpi PNP0A03:00: _OSC: not requesting OS control; OS requires [ExtendedConfig ASPM ClockPM MSI]
[    0.447483] acpi PNP0A03:00: fail to add MMCONFIG information, can't access extended PCI configuration space under this bridge.
[    0.450022] PCI host bridge to bus 0000:00
[    0.451009] pci_bus 0000:00: root bus resource [io  0x0000-0x0cf7 window]
[    0.452432] pci_bus 0000:00: root bus resource [io  0x0d00-0xffff window]
[    0.453857] pci_bus 0000:00: root bus resource [mem 0x000a0000-0x000bffff window]
[    0.455579] pci_bus 0000:00: root bus resource [mem 0x40000000-0xfdffffff window]
[    0.457288] pci_bus 0000:00: root bus resource [bus 00-ff]
[    0.459683] pci 0000:00:01.1: legacy IDE quirk: reg 0x10: [io  0x01f0-0x01f7]
[    0.461063] pci 0000:00:01.1: legacy IDE quirk: reg 0x14: [io  0x03f6]
[    0.462558] pci 0000:00:01.1: legacy IDE quirk: reg 0x18: [io  0x0170-0x0177]
[    0.464050] pci 0000:00:01.1: legacy IDE quirk: reg 0x1c: [io  0x0376]
[    0.485631] pci 0000:00:07.0: quirk: [io  0x4000-0x403f] claimed by PIIX4 ACPI
[    0.487381] pci 0000:00:07.0: quirk: [io  0x4100-0x410f] claimed by PIIX4 SMB
[    0.493800] ACPI: PCI Interrupt Link [LNKA] (IRQs 5 9 10 *11)
[    0.495989] ACPI: PCI Interrupt Link [LNKB] (IRQs 5 9 *10 11)
[    0.497977] ACPI: PCI Interrupt Link [LNKC] (IRQs 5 *9 10 11)
[    0.500021] ACPI: PCI Interrupt Link [LNKD] (IRQs 5 9 10 *11)
[    0.502154] ACPI: Enabled 2 GPEs in block 00 to 07
[    0.503639] vgaarb: setting as boot device: PCI:0000:00:02.0
[    0.504877] vgaarb: device added: PCI:0000:00:02.0,decodes=io+mem,owns=io+mem,locks=none
[    0.506772] vgaarb: loaded
[    0.507639] vgaarb: bridge control possible 0000:00:02.0
[    0.509005] SCSI subsystem initialized
[    0.510040] ACPI: bus type USB registered
[    0.511003] usbcore: registered new interface driver usbfs
[    0.512204] usbcore: registered new interface driver hub
[    0.513370] usbcore: registered new device driver usb
[    0.514680] PCI: Using ACPI for IRQ routing
[    0.515898] NetLabel: Initializing
[    0.516814] NetLabel:  domain hash size = 128
[    0.517942] NetLabel:  protocols = UNLABELED CIPSOv4
[    0.519261] NetLabel:  unlabeled traffic allowed by default
[    0.520568] amd_nb: Cannot enumerate AMD northbridges
[    0.521831] clocksource: Switched to clocksource kvm-clock
[    0.527847] AppArmor: AppArmor Filesystem Enabled
[    0.529118] pnp: PnP ACPI init
[    0.530666] pnp: PnP ACPI: found 3 devices
[    0.537236] clocksource: acpi_pm: mask: 0xffffff max_cycles: 0xffffff, max_idle_ns: 2085701024 ns
[    0.539307] NET: Registered protocol family 2
[    0.540425] TCP established hash table entries: 8192 (order: 4, 65536 bytes)
[    0.541921] TCP bind hash table entries: 8192 (order: 5, 131072 bytes)
[    0.543307] TCP: Hash tables configured (established 8192 bind 8192)
[    0.544680] UDP hash table entries: 512 (order: 2, 16384 bytes)
[    0.545971] UDP-Lite hash table entries: 512 (order: 2, 16384 bytes)
[    0.547377] NET: Registered protocol family 1
[    0.548379] pci 0000:00:00.0: Limiting direct PCI/PCI transfers
[    0.549673] pci 0000:00:01.0: Activating ISA DMA hang workarounds
[    0.551067] Unpacking initramfs...
[    0.768169] Freeing initrd memory: 14888K
[    0.769456] clocksource: tsc: mask: 0xffffffffffffffff max_cycles: 0x19f227af07c, max_idle_ns: 440795246167 ns
[    0.771640] platform rtc_cmos: registered platform RTC device (no PNP device found)
[    0.773468] Scanning for low memory corruption every 60 seconds
[    0.775091] audit: initializing netlink subsys (disabled)
[    0.776344] audit: type=2000 audit(1700350322.919:1): initialized
[    0.777905] Initialise system trusted keyring
[    0.779134] HugeTLB registered 2 MB page size, pre-allocated 0 pages
[    0.781600] zbud: loaded
[    0.782651] VFS: Disk quotas dquot_6.6.0
[    0.783703] VFS: Dquot-cache hash table entries: 512 (order 0, 4096 bytes)
[    0.785292] squashfs: version 4.0 (2009/01/31) Phillip Lougher
[    0.786695] fuse init (API version 7.23)
[    0.787893] Key type big_key registered
[    0.788893] Allocating IMA MOK and blacklist keyrings.
[    0.790249] Key type asymmetric registered
[    0.791299] Asymmetric key parser 'x509' registered
[    0.792497] Block layer SCSI generic (bsg) driver version 0.4 loaded (major 249)
[    0.794367] io scheduler noop registered
[    0.795370] io scheduler deadline registered (default)
[    0.796571] io scheduler cfq registered
[    0.797660] pci_hotplug: PCI Hot Plug PCI Core version: 0.5
[    0.798860] pciehp: PCI Express Hot Plug Controller Driver version: 0.4
[    0.800337] ACPI: AC Adapter [AC] (on-line)
[    0.801363] input: Power Button as /devices/LNXSYSTM:00/LNXPWRBN:00/input/input0
[    0.803215] ACPI: Power Button [PWRF]
[    0.804256] input: Sleep Button as /devices/LNXSYSTM:00/LNXSLPBN:00/input/input1
[    0.806141] ACPI: Sleep Button [SLPF]
[    0.807744] ACPI: Battery Slot [BAT0] (battery present)
[    0.808984] GHES: HEST is not enabled!
[    0.810081] Serial: 8250/16550 driver, 32 ports, IRQ sharing enabled
[    0.831842] 00:02: ttyS0 at I/O 0x3f8 (irq = 4, base_baud = 115200) is a 16550A
[    0.834420] Linux agpgart interface v0.103
[    0.836257] loop: module loaded
[    0.837568] scsi host0: ata_piix
[    0.838534] scsi host1: ata_piix
[    0.839452] ata1: PATA max UDMA/33 cmd 0x1f0 ctl 0x3f6 bmdma 0xd000 irq 14
[    0.840834] ata2: PATA max UDMA/33 cmd 0x170 ctl 0x376 bmdma 0xd008 irq 15
[    0.842455] libphy: Fixed MDIO Bus: probed
[    0.843450] tun: Universal TUN/TAP device driver, 1.6
[    0.844624] tun: (C) 1999-2004 Max Krasnyansky <maxk@qualcomm.com>
[    0.846144] PPP generic driver version 2.4.2
[    0.847093] ehci_hcd: USB 2.0 'Enhanced' Host Controller (EHCI) Driver
[    0.848242] ehci-pci: EHCI PCI platform driver
[    0.849177] ehci-platform: EHCI generic platform driver
[    0.850471] ohci_hcd: USB 1.1 'Open' Host Controller (OHCI) Driver
[    0.851865] ohci-pci: OHCI PCI platform driver
[    0.852948] ohci-platform: OHCI generic platform driver
[    0.854123] uhci_hcd: USB Universal Host Controller Interface driver
[    0.855534] i8042: PNP: PS/2 Controller [PNP0303:PS2K,PNP0f03:PS2M] at 0x60,0x64 irq 1,12
[    0.857581] serio: i8042 KBD port at 0x60,0x64 irq 1
[    0.858677] serio: i8042 AUX port at 0x60,0x64 irq 12
[    0.859751] mousedev: PS/2 mouse device common for all mice
[    0.861006] input: AT Translated Set 2 keyboard as /devices/platform/i8042/serio0/input/input2
[    0.863020] rtc_cmos rtc_cmos: rtc core: registered rtc_cmos as rtc0
[    0.864239] rtc_cmos rtc_cmos: alarms up to one day, 114 bytes nvram
[    0.865416] i2c /dev entries driver
[    0.866330] device-mapper: uevent: version 1.0.3
[    0.867315] device-mapper: ioctl: 4.34.0-ioctl (2015-10-28) initialised: dm-devel@redhat.com
[    0.869004] ledtrig-cpu: registered to indicate activity on CPUs
[    0.870357] NET: Registered protocol family 10
[    0.871417] NET: Registered protocol family 17
[    0.872372] Key type dns_resolver registered
[    0.873497] registered taskstats version 1
[    0.874402] Loading compiled-in X.509 certificates
[    0.875816] Loaded X.509 cert 'Build time autogenerated kernel key: cf00e047681d67edb2720680708b7d9498083038'
[    0.877796] zswap: loaded using pool lzo/zbud
[    0.879954] Key type trusted registered
[    0.883003] Key type encrypted registered
[    0.883895] AppArmor: AppArmor sha1 policy hashing enabled
[    0.884905] ima: No TPM chip found, activating TPM-bypass!
[    0.885962] ima: Allocated hash algorithm: sha1
[    0.886916] evm: HMAC attrs: 0x1
[    0.887846]   Magic number: 15:303:555
[    0.888668] rtc_cmos rtc_cmos: setting system clock to 2023-11-18 23:31:58 UTC (1700350318)
[    0.890338] BIOS EDD facility v0.16 2004-Jun-25, 0 devices found
[    0.891437] EDD information not available.
[    1.021992] Freeing unused kernel memory: 1492K
[    1.022952] Write protecting the kernel read-only data: 14336k
[    1.024353] Freeing unused kernel memory: 1584K
[    1.025447] Freeing unused kernel memory: 52K
Loading, please wait...
starting version 229
[    1.036322] random: udevadm: uninitialized urandom read (16 bytes read, 3 bits of entropy available)
[    1.038509] random: systemd-udevd: uninitialized urandom read (16 bytes read, 3 bits of entropy available)
[    1.040432] random: systemd-udevd: uninitialized urandom read (16 bytes read, 3 bits of entropy available)
[    1.042527] random: systemd-udevd: uninitialized urandom read (16 bytes read, 3 bits of entropy available)
[    1.044396] random: systemd-udevd: uninitialized urandom read (16 bytes read, 3 bits of entropy available)
[    1.046766] random: udevadm: uninitialized urandom read (16 bytes read, 3 bits of entropy available)
[    1.054080] random: systemd-udevd: uninitialized urandom read (16 bytes read, 3 bits of entropy available)
[    1.056006] random: systemd-udevd: uninitialized urandom read (16 bytes read, 3 bits of entropy available)
[    1.058051] random: systemd-udevd: uninitialized urandom read (16 bytes read, 3 bits of entropy available)
[    1.061701] random: systemd-udevd: uninitialized urandom read (16 bytes read, 3 bits of entropy available)
[    1.133450] e1000: Intel(R) PRO/1000 Network Driver - version 7.3.21-k8-NAPI
[    1.134955] e1000: Copyright (c) 1999-2006 Intel Corporation.
[    1.141065] Fusion MPT base driver 3.04.20
[    1.142006] Copyright (c) 1999-2008 LSI Corporation
[    1.149640] Fusion MPT SPI Host driver 3.04.20
[    1.184500] AVX2 version of gcm_enc/dec engaged.
[    1.185558] AES CTR mode by8 optimization enabled
[    1.358596] input: ImExPS/2 Generic Explorer Mouse as /devices/platform/i8042/serio1/input/input4
[    1.526717] e1000 0000:00:03.0 eth0: (PCI:33MHz:32-bit) 02:be:82:6b:cc:1d
[    1.527947] e1000 0000:00:03.0 eth0: Intel(R) PRO/1000 Network Connection
[    1.529658] mptbase: ioc0: Initiating bringup
[    1.602226] ioc0: LSI53C1030 A0: Capabilities={Initiator}
[    1.764035] scsi host2: ioc0: LSI53C1030 A0, FwRev=00000000h, Ports=1, MaxQ=256, IRQ=20
[    1.875213] scsi 2:0:0:0: Direct-Access     VBOX     HARDDISK         1.0  PQ: 0 ANSI: 5
[    1.876859] scsi target2:0:0: Beginning Domain Validation
[    1.879039] scsi target2:0:0: Domain Validation skipping write tests
[    1.880160] scsi target2:0:0: Ending Domain Validation
[    1.881167] scsi target2:0:0: asynchronous
[    1.882574] scsi 2:0:1:0: Direct-Access     VBOX     HARDDISK         1.0  PQ: 0 ANSI: 5
[    1.884186] scsi target2:0:1: Beginning Domain Validation
[    1.886269] scsi target2:0:1: Domain Validation skipping write tests
[    1.887399] scsi target2:0:1: Ending Domain Validation
[    1.888458] scsi target2:0:1: asynchronous
[    1.892270] sd 2:0:0:0: Attached scsi generic sg0 type 0
[    1.906089] sd 2:0:0:0: [sda] 83886080 512-byte logical blocks: (42.9 GB/40.0 GiB)
[    1.916016] sd 2:0:0:0: [sda] Write Protect is off
[    1.921354] sd 2:0:0:0: [sda] Incomplete mode parameter data
[    1.922497] sd 2:0:0:0: [sda] Assuming drive cache: write through
[    1.940937]  sda: sda1
[    1.942260] sd 2:0:0:0: [sda] Attached SCSI disk
[    1.943328] sd 2:0:1:0: [sdb] 20480 512-byte logical blocks: (10.5 MB/10.0 MiB)
[    1.949512] sd 2:0:1:0: Attached scsi generic sg1 type 0
[    1.954925] sd 2:0:1:0: [sdb] Write Protect is off
[    1.956064] sd 2:0:1:0: [sdb] Incomplete mode parameter data
[    1.957089] sd 2:0:1:0: [sdb] Assuming drive cache: write through
[    1.980443] sd 2:0:1:0: [sdb] Attached SCSI disk
[    2.258670] e1000 0000:00:08.0 eth1: (PCI:33MHz:32-bit) 08:00:27:c5:b9:90
[    2.259890] e1000 0000:00:08.0 eth1: Intel(R) PRO/1000 Network Connection
[    2.262147] e1000 0000:00:08.0 enp0s8: renamed from eth1
[    2.264510] e1000 0000:00:03.0 enp0s3: renamed from eth0
Begin: Loading essential drivers ... [    3.676551] md: linear personality registered for level -1
[    3.679482] md: multipath personality registered for level -4
[    3.682471] md: raid0 personality registered for level 0
[    3.686603] md: raid1 personality registered for level 1
[    3.768815] raid6: sse2x1   gen() 12885 MB/s
[    3.849549] raid6: sse2x1   xor()  9372 MB/s
[    3.937966] raid6: sse2x2   gen() 15096 MB/s
[    4.033525] raid6: sse2x2   xor() 12606 MB/s
[    4.115326] raid6: sse2x4   gen() 18183 MB/s
[    4.197242] raid6: sse2x4   xor() 12046 MB/s
[    4.277967] raid6: avx2x1   gen() 22508 MB/s
[    4.359249] raid6: avx2x2   gen() 28944 MB/s
[    4.441522] raid6: avx2x4   gen() 32579 MB/s
[    4.442429] raid6: using algorithm avx2x4 gen() 32579 MB/s
[    4.443425] raid6: using avx2x2 recovery algorithm
[    4.445649] xor: automatically using best checksumming function:
[    4.595384]    avx       : 97416.000 MB/sec
[    4.597578] async_tx: api initialized (async)
[    4.607199] md: raid6 personality registered for level 6
[    4.608297] md: raid5 personality registered for level 5
[    4.609297] md: raid4 personality registered for level 4
[    4.614622] md: raid10 personality registered for level 10
done.
Begin: Running /scripts/init-premount ... done.
Begin: Mounting root file system ... Begin: Running /scripts/local-top ... done.
Begin: Running /scripts/local-premount ... [    4.644865] Btrfs loaded
Scanning for Btrfs filesystems
done.
Warning: fsck not present, so skipping root file system
[    4.669697] EXT4-fs (sda1): mounted filesystem with ordered data mode. Opts: (null)
done.
Begin: Running /scripts/local-bottom ... done.
Begin: Running /scripts/init-bottom ... done.
[    4.741929] systemd[1]: systemd 229 running in system mode. (+PAM +AUDIT +SELINUX +IMA +APPARMOR +SMACK +SYSVINIT +UTMP +LIBCRYPTSETUP +GCRYPT +GNUTLS +ACL +XZ -LZ4 +SECCOMP +BLKID +ELFUTILS +KMOD -IDN)
[    4.745478] systemd[1]: Detected virtualization oracle.
[    4.746609] systemd[1]: Detected architecture x86-64.

Welcome to [1mUbuntu 16.04.7 LTS[0m!

[    4.749451] systemd[1]: Set hostname to <ubuntu>.
[    4.751698] systemd[1]: Initializing machine ID from random generator.
[    4.753305] systemd[1]: Installed transient /etc/machine-id file.
[    4.861843] systemd[1]: Listening on /dev/initctl Compatibility Named Pipe.
[[0;32m  OK  [0m] Listening on /dev/initctl Compatibility Named Pipe.
[    4.863932] systemd[1]: Listening on Journal Socket.
[[0;32m  OK  [0m] Listening on Journal Socket.
[    4.865670] systemd[1]: Set up automount Arbitrary Executable File Formats File System Automount Point.
[[0;32m  OK  [0m] Set up automount Arbitrary Executab...ats File System Automount Point.
[    4.868265] systemd[1]: Reached target Encrypted Volumes.
[[0;32m  OK  [0m] Reached target Encrypted Volumes.
[    4.869925] systemd[1]: Listening on fsck to fsckd communication Socket.
[[0;32m  OK  [0m] Listening on fsck to fsckd communication Socket.
[    4.871837] systemd[1]: Listening on Syslog Socket.
[[0;32m  OK  [0m] Listening on Syslog Socket.
[    4.873412] systemd[1]: Started Trigger resolvconf update for networkd DNS.
[[0;32m  OK  [0m] Started Trigger resolvconf update for networkd DNS.
[    4.875366] systemd[1]: Listening on Device-mapper event daemon FIFOs.
[[0;32m  OK  [0m] Listening on Device-mapper event daemon FIFOs.
[    4.877186] systemd[1]: Reached target System Time Synchronized.
[[0;32m  OK  [0m] Reached target System Time Synchronized.
[    4.878971] systemd[1]: Listening on LVM2 metadata daemon socket.
[[0;32m  OK  [0m] Listening on LVM2 metadata daemon socket.
[    4.880717] systemd[1]: Listening on Journal Socket (/dev/log).
[[0;32m  OK  [0m] Listening on Journal Socket (/dev/log).
[    4.882496] systemd[1]: Listening on Journal Audit Socket.
[[0;32m  OK  [0m] Listening on Journal Audit Socket.
[    4.884352] systemd[1]: Created slice User and Session Slice.
[[0;32m  OK  [0m] Created slice User and Session Slice.
[    4.886095] systemd[1]: Listening on udev Control Socket.
[[0;32m  OK  [0m] Listening on udev Control Socket.
[    4.887899] systemd[1]: Created slice System Slice.
[[0;32m  OK  [0m] Created slice System Slice.
[    4.889853] systemd[1]: Starting Uncomplicated firewall...
         Starting Uncomplicated firewall...
[    4.891877] systemd[1]: Starting Monitoring of LVM2 mirrors, snapshots etc. using dmeventd or progress polling...
         Starting Monitoring of LVM2 mirrors... dmeventd or progress polling...
[    4.896947] systemd[1]: Starting Journal Service...
         Starting Journal Service...
[    4.905167] systemd[1]: Mounting Debug File System...
         Mounting Debug File System...
[    4.918875] systemd[1]: Starting Set console keymap...
         Starting Set console keymap...
[    4.922330] systemd[1]: Starting File System Check on Root Device...
         Starting File System Check on Root Device...
[    4.924991] systemd[1]: Reached target Slices.
[[0;32m  OK  [0m] Reached target Slices.
[    4.927381] systemd[1]: Starting Create list of required static device nodes for the current kernel...
         Starting Create list of required st... nodes for the current kernel...
[    4.934371] systemd[1]: Starting Load Kernel Modules...
         Starting Load Kernel Modules...
[    4.940756] systemd[1]: Created slice system-serial\x2dgetty.slice.
[[0;32m  OK  [0m] Created slice system-serial\x2dgetty.slice.
[    4.944639] systemd[1]: Mounting POSIX Message Queue File System...
         Mounting POSIX Message Queue File System...
[    4.951388] systemd[1]: Listening on udev Kernel Socket.
[[0;32m  OK  [0m] Listening on udev Kernel Socket.
[    4.953216] systemd[1]: Reached target Swap.
[[0;32m  OK  [0m] Reached target Swap.
[    4.956058] systemd[1]: Reached target User and Group Name Lookups.
[[0;32m  OK  [0m] Reached target User and Group Name Lookups.
[    4.960586] Loading iSCSI transport class v2.0-870.
[    4.962469] systemd[1]: Mounting Huge Pages File System...
         Mounting Huge Pages File System...
[    4.966406] systemd[1]: Starting Nameserver information manager...
         Starting Nameserver information manager...
[    4.971598] systemd[1]: Started Forward Password Requests to Wall Directory Watch.
[[0;32m  OK  [0m] Started Forward Password Requests to Wall Directory Watch.
[    4.976304] systemd[1]: Listening on LVM2 poll daemon socket.
[[0;32m  OK  [0m] Listening on LVM2 poll daemon socket.
[    4.980731] systemd[1]: Mounted Huge Pages File System.
[[0;32m  OK  [0m] Mounted Huge Pages File System.
[    4.982414] systemd[1]: Mounted POSIX Message Queue File System.
[[0;32m  OK  [0m] Mounted POSIX Message Queue File System.
[    4.985167] systemd[1]: Mounted Debug File System.
[[0;32m  OK  [0m] Mounted Debug File System.
[    4.989209] systemd[1]: Started Journal Service.
[[0;32m  OK  [0m] Started Journal Service.
[    4.992392] iscsi: registered transport (tcp)
[[0;32m  OK  [0m] Started Uncomplicated firewall.
[[0;32m  OK  [0m] Started File System Check on Root Device.
[[0;32m  OK  [0m] Started Create list of required sta...ce nodes for the current kernel.
[[0;32m  OK  [0m] Started File System Check Daemon to report status.
[[0;32m  OK  [0m] Started LVM2 metadata daemon.
         Starting Create Static Device Nodes in /dev...
         Starting Remount Root and Kernel File Systems...
[[0;32m  OK  [0m] Started Nameserver information manager.
[    5.028544] EXT4-fs (sda1): re-mounted. Opts: (null)
[[0;32m  OK  [0m] Started Remount Root and Kernel File Systems.
         Starting udev Coldplug all Devices...
         Starting Load/Save Random Seed...
         Starting Flush Journal to Persistent Storage...
[[0;32m  OK  [0m] Started Load/Save Random Seed.
[    5.052226] systemd-journald[371]: Received request to flush runtime journal from PID 1
[[0;32m  OK  [0m] Started Flush Journal to Persistent Storage.
[[0;32m  OK  [0m] Started Create Static Device Nodes in /dev.
         Starting udev Kernel Device Manager...
[    5.110676] random: nonblocking pool is initialized
[[0;32m  OK  [0m] Started udev Kernel Device Manager.
[    5.134231] iscsi: registered transport (iser)
[[0;32m  OK  [0m] Started Load Kernel Modules.
         Mounting FUSE Control File System...
         Starting Apply Kernel Variables...
[[0;32m  OK  [0m] Mounted FUSE Control File System.
[[0;32m  OK  [0m] Started Apply Kernel Variables.
[[0;32m  OK  [0m] Started Monitoring of LVM2 mirrors,...ng dmeventd or progress polling.
[[0;32m  OK  [0m] Started udev Coldplug all Devices.
[[0;32m  OK  [0m] Started Set console keymap.
[[0;32m  OK  [0m] Started Dispatch Password Requests to Console Directory Watch.
[[0;32m  OK  [0m] Reached target Local File Systems (Pre).
[[0;32m  OK  [0m] Reached target Local File Systems.
         Starting Set console font and keymap...
         Starting LSB: AppArmor initialization...
         Starting Create Volatile Files and Directories...
         Starting Initial cloud-init job (pre-networking)...
         Starting Commit a transient machine-id on disk...
         Starting Tell Plymouth To Write Out Runtime Data...
[[0;32m  OK  [0m] Started Commit a transient machine-id on disk.
[[0;32m  OK  [0m] Started Create Volatile Files and Directories.
         Starting Update UTMP about System Boot/Shutdown...
[[0;32m  OK  [0m] Started Tell Plymouth To Write Out Runtime Data.
[[0;32m  OK  [0m] Started Update UTMP about System Boot/Shutdown.
[[0;32m  OK  [0m] Found device /dev/ttyS0.
[[0;32m  OK  [0m] Listening on Load/Save RF Kill Switch Status /dev/rfkill Watch.
[    7.637745] cloud-init[497]: Cloud-init v. 21.1-19-gbad84ad4-0ubuntu1~16.04.2 running 'init-local' at Sat, 18 Nov 2023 23:32:04 +0000. Up 6.77 seconds.
[[0;32m  OK  [0m] Started Set console font and keymap.
[[0;32m  OK  [0m] Created slice system-getty.slice.
[[0;32m  OK  [0m] Started Initial cloud-init job (pre-networking).
[[0;32m  OK  [0m] Reached target Network (Pre).
[[0;32m  OK  [0m] Started LSB: AppArmor initialization.
         Starting Raise network interfaces...
         Starting Load AppArmor profiles managed internally by snapd...
[[0;32m  OK  [0m] Started Load AppArmor profiles managed internally by snapd.
[[0;32m  OK  [0m] Started Raise network interfaces.
[[0;32m  OK  [0m] Reached target Network.
         Starting Initial cloud-init job (metadata service crawler)...
[   10.030259] cloud-init[964]: Cloud-init v. 21.1-19-gbad84ad4-0ubuntu1~16.04.2 running 'init' at Sat, 18 Nov 2023 23:32:07 +0000. Up 9.47 seconds.
[   10.032167] cloud-init[964]: ci-info: ++++++++++++++++++++++++++++++++++++++Net device info+++++++++++++++++++++++++++++++++++++++
[   10.036225] cloud-init[964]: ci-info: +--------+-------+----------------------------+---------------+--------+-------------------+
[   10.037820] cloud-init[964]: ci-info: | Device |   Up  |          Address           |      Mask     | Scope  |     Hw-Address    |
[   10.055990] cloud-init[964]: ci-info: +--------+-------+----------------------------+---------------+--------+-------------------+
[   10.057549] cloud-init[964]: ci-info: | enp0s3 |  True |         10.0.2.15          | 255.255.255.0 | global | 02:be:82:6b:cc:1d |
[   10.059179] cloud-init[964]: ci-info: | enp0s3 |  True | fe80::be:82ff:fe6b:cc1d/64 |       .       |  link  | 02:be:82:6b:cc:1d |
[   10.060843] cloud-init[964]: ci-info: | enp0s8 | False |             .              |       .       |   .    | 08:00:27:c5:b9:90 |
[   10.062501] cloud-init[964]: ci-info: |   lo   |  True |         127.0.0.1          |   255.0.0.0   |  host  |         .         |
[   10.064228] cloud-init[964]: ci-info: |   lo   |  True |          ::1/128           |       .       |  host  |         .         |
[   10.065785] cloud-init[964]: ci-info: +--------+-------+----------------------------+---------------+--------+-------------------+
[   10.067390] cloud-init[964]: ci-info: +++++++++++++++++++++++++++Route IPv4 info++++++++++++++++++++++++++++
[   10.068938] cloud-init[964]: ci-info: +-------+-------------+----------+---------------+-----------+-------+
[   10.070329] cloud-init[964]: ci-info: | Route | Destination | Gateway  |    Genmask    | Interface | Flags |
[   10.072309] cloud-init[964]: ci-info: +-------+-------------+----------+---------------+-----------+-------+
[   10.073475] cloud-init[964]: ci-info: |   0   |   0.0.0.0   | 10.0.2.2 |    0.0.0.0    |   enp0s3  |   UG  |
[   10.076400] cloud-init[964]: ci-info: |   1   |   10.0.2.0  | 0.0.0.0  | 255.255.255.0 |   enp0s3  |   U   |
[   10.077786] cloud-init[964]: ci-info: +-------+-------------+----------+---------------+-----------+-------+
[   10.080251] cloud-init[964]: ci-info: +++++++++++++++++++Route IPv6 info+++++++++++++++++++
[   10.084415] cloud-init[964]: ci-info: +-------+-------------+---------+-----------+-------+
[   10.085544] cloud-init[964]: ci-info: | Route | Destination | Gateway | Interface | Flags |
[   10.086666] cloud-init[964]: ci-info: +-------+-------------+---------+-----------+-------+
[   10.088269] cloud-init[964]: ci-info: |   0   |  fe80::/64  |    ::   |   enp0s3  |   U   |
[   10.089264] cloud-init[964]: ci-info: |   3   |   ff00::/8  |    ::   |   enp0s3  |   U   |
[   10.090604] cloud-init[964]: ci-info: +-------+-------------+---------+-----------+-------+
[   10.092263] cloud-init[964]: Generating public/private rsa key pair.
[   10.096400] cloud-init[964]: Your identification has been saved in /etc/ssh/ssh_host_rsa_key.
[   10.097376] cloud-init[964]: Your public key has been saved in /etc/ssh/ssh_host_rsa_key.pub.
[   10.098582] cloud-init[964]: The key fingerprint is:
[   10.100328] cloud-init[964]: SHA256:zqXSy2YrGjU3K/fJaAIMxWqU7N8WieUUw5o8xekHKS4 root@ubuntu-xenial
[   10.101386] cloud-init[964]: The key's randomart image is:
[   10.104301] cloud-init[964]: +---[RSA 2048]----+
[   10.105056] cloud-init[964]: | . o oo+         |
[   10.106092] cloud-init[964]: |  + + X.         |
[   10.108447] cloud-init[964]: | o = @ o         |
[   10.112397] cloud-init[964]: |  E B = .        |
[   10.113045] cloud-init[964]: | . = oooS .      |
[   10.113930] cloud-init[964]: |    +.o* =       |
[   10.120265] cloud-init[964]: |    .oo B        |
[   10.120932] cloud-init[964]: |     .o=+= .     |
[[0;32m  OK  [0m] Started Initial cloud-init job (metadata service crawler).
[   10.130714] cloud-init[964]: |    .. *=.+      |
[   10.131660] cloud-init[964]: +----[SHA256]-----+
[[0;32m  OK  [0m] Reached target Network is Online.
         Starting iSCSI initiator daemon (iscsid)...
[   10.133103] cloud-init[964]: Generating public/private dsa key pair.
[[0;32m  OK  [0m] Reached target System Initialization.
[[0;32m  OK  [0m] Started Daily Cleanup of Temporary Directories.
[   10.136144] cloud-init[964]: Your identification has been saved in /etc/ssh/ssh_host_dsa_key.
[   10.141027] cloud-init[964]: Your public key has been saved in /etc/ssh/ssh_host_dsa_key.pub.
[[0;32m  OK  [0m] Listening on D-Bus System Message Bus Socket.
[[0;32m  OK  [0m] Listening on ACPID Listen Socket.
[[0;32m  OK  [0m] Listening on UUID daemon activation socket.
[[0;32m  OK  [0m] Started Message of the Day.
[   10.147062] cloud-init[964]: The key fingerprint is:
[   10.150144] cloud-init[964]: SHA256:DuQRwpdWmhmE0fYoSRaH1mvX6tIgDnuUnaf0n1DYc9g root@ubuntu-xenial
[   10.151186] cloud-init[964]: The key's randomart image is:
[   10.152508] cloud-init[964]: +---[DSA 1024]----+
[   10.153094] cloud-init[964]: |   .+O=o.        |
[[0;32m  OK  [0m] Started ACPI Events Check.
[[0;32m  OK  [0m] Reached target Paths.
[[0;32m  OK  [0m] Started Daily apt download activities.
[   10.155455] cloud-init[964]: |    BoB*         |
[   10.157993] cloud-init[964]: |   + =*+ .       |
[   10.158956] cloud-init[964]: |    oo+.oo.o     |
[   10.159670] cloud-init[964]: [[0;32m  OK  [0m] Started Daily apt upgrade and clean activities.
|     =ooS.= E    |
         Starting LXD - unix socket.
[   10.162126] cloud-init[964]: |  . + =oo. o     |
         Starting Socket activation for snappy daemon.
[[0;32m  OK  [0m] Started Ubuntu Advantage update messaging.
[   10.164179] cloud-init[964]: |   = o Bo        |
[   10.167455] cloud-init[964]: |  . o o +. .     |
[[0;32m  OK  [0m] Reached target Timers.
[[0;32m  OK  [0m] Reached target Cloud-config availability.
[   10.169929] cloud-init[964]: |   .   . .o      |
[   10.170933] cloud-init[964]: +----[SHA256]-----+
[   10.171780] cloud-init[[0;32m  OK  [0m] Listening on LXD - unix socket.
[[0;32m  OK  [0m] Listening on Socket activation for snappy daemon.
[[0;32m  OK  [0m] Reached target Sockets.
[[0;32m  OK  [0m] Reached target Basic System.
         Starting LSB: Record successful boot for GRUB...[964]: Generating public/private ecdsa key pair.
[   10.176773] cloud-init[964]: Your identification has been saved in /etc/ssh/ssh_host_ecdsa_key.
[   10.177581] cloud-init[964]: Your public key has been saved in /etc/ssh/ssh_host_ecdsa_key.pub.
[   10.178601] cloud-init[964]: The key fingerprint is:
[   10.179115] cloud-init[964]: SHA256:0puLv15dBq+yJcBwnsHmk+cojJvq7fMfaNg7PPpCuXc root@ubuntu-xenial

         Starting LSB: MD monitoring daemon...
[[0;32m  OK  [0m] Started ACPI event daemon.
         Starting Pollinate to seed the pseudo random number generator...
[[0;32m  OK  [0m] Started Deferred execution scheduler.
[[0;32m  OK  [0m] Started Regular background program processing daemon.
         Starting System Logging Service...
[[0;32m  OK  [0m] Started D-Bus System Message Bus.
[   10.222495] cloud-init[964]: The key's randomart image is:
[   10.226104] cloud-init[964]: +---[ECDSA 256]---+
[   10.226892] cloud-init[964]: |                 |
[   10.230125] cloud-init[964]: |       .         |
[   10.233101] cloud-init[964]: |      . =   .    |
         Starting /etc/rc.local Compatibility...
[[0;32m  OK  [0m] Started FUSE filesystem for LXC.
         Starting Login Service...
         Starting Snap Daemon...
         Starting Virtualbox guest utils...
         Starting Accounts Service...
         Starting LXD - container startup/shutdown...
[   10.241145] cloud-init[964]: |       O +   o   |
[[0;32m  OK  [0m] Started System Logging Service.
[[0;32m  OK  [0m] Started iSCSI initiator daemon (iscsid).
[[0;32m  OK  [0m] Started /etc/rc.local Compatibility.
[   10.269002] cloud-init[964]: |     .. S .   +  |
[   10.282683] cloud-init[964]: |    o= o O . +   |
         Starting Login to default iSCSI targets...
[[0;32m  OK  [0m] Started Login Service.
[[0;32m  OK  [0m] Started Unattended Upgrades Shutdown.
[   10.321277] cloud-init[964]: |   .oo* = = +    |[[0;32m  OK  [0m] Started Login to default iSCSI targets.
[[0;32m  OK  [0m] Reached target Remote File Systems (Pre).
[[0;32m  OK  [0m] Reached target Remote File Systems.
         Starting LSB: Set the CPU Frequency Scaling governor to "ondemand"...
         Starting LSB: automatic crash report generation...
         Starting LSB: daemon to balance interrupts for SMP systems...
         
[   10.339017] cloud-init[964]: |   .++=+E+ =     |
Starting Permit User Sessions...
[[0;32m  OK  [0m] Started Permit User Sessions.
         Starting Hold until boot process finishes up...
         Starting Terminate Plymouth Boot Screen...
[[0;32m  OK  [0m] Started Hold until boot process finishes up.
[[0;32m  OK  [0m] Started Serial Getty on ttyS0.
[[0;32m  OK  [0m] Started Getty on tty1.
[[0;32m  OK  [0m] Reached target Login Prompts.
         Starting Set console scheme...
[[0;32m  OK  [0m] Started Terminate Plymouth Boot Screen.
[[0;32m  OK  [0m] Started LSB: Record successful boot for GRUB.
[[0;32m  OK  [0m] Started Set console scheme.
[   10.379889] cloud-init[964]: | .oo*B=B*..      |
[   10.402778] cloud-init[964]: +----[SHA256]-----+
[[0;32m  OK  [0m] Started LSB: MD monitoring daemon.
[[0;32m  OK  [0m] Started LSB: Set the CPU Frequency Scaling governor to "ondemand".
[   10.418896] cloud-init[964]: Generating public/private ed25519 key pair.
[   10.426455] cloud-init[964]: Your identification has been saved in /etc/ssh/ssh_host_ed25519_key.
[   10.433277] cloud-init[964]: Your public key has been saved in /etc/ssh/ssh_host_ed25519_key.pub.         Starting Authenticate and Authorize Users to Run Privileged Tasks...
[[0;32m  OK  [0m] Started LSB: automatic crash report generation.
[[0;32m  OK  [0m] Started LSB: daemon to balance interrupts for SMP systems.

[   10.555401] cloud-init[964]: The key fingerprint is:
[   10.559339] cloud-init[964]: SHA256:R8Mu0qbg02J7vOztqMBB8pebb7rvvYK8PC5qJmsQNCY root@ubuntu-xenial
[   10.562771] cloud-init[964]: The key's randomart image is:
[   10.575787] cloud-init[964]: +--[ED25519 256]--+
[   10.577284] cloud-init[964]: |                 |
[   10.579043] cloud-init[964]: |E+       .       |
[   10.591627] cloud-init[964]: |= o       +      |
[   10.594291] cloud-init[964]: |.+   . . o .     |
[   10.595228] cloud-init[964]: | .o + . S o      |
[   10.597437] cloud-init[964]: |.. + = + o       |
[   10.600666] cloud-init[964]: |. o.Boo          |
[   10.616430] cloud-init[964]: |.+.++*=+         |
[   10.617428] cloud-init[964]: |Bo oO%O+=.       |
[   10.618223] cloud-init[964]: +----[SHA256]-----+
[[0;32m  OK  [0m] Started Authenticate and Authorize Users to Run Privileged Tasks.
[[0;32m  OK  [0m] Started Accounts Service.
[[0;32m  OK  [0m] Started LXD - container startup/shutdown.
[[0;32m  OK  [0m] Started Virtualbox guest utils.
[[0;32m  OK  [0m] Started Snap Daemon.
         Starting Wait until snapd is fully seeded...
[[0;32m  OK  [0m] Started Pollinate to seed the pseudo random number generator.
         Starting OpenBSD Secure Shell server...
[[0;32m  OK  [0m] Started OpenBSD Secure Shell server.
[[0;32m  OK  [0m] Created slice User Slice of vagrant.
         Starting User Manager for UID 1000...
[[0;32m  OK  [0m] Started Session 1 of user vagrant.
[[0;32m  OK  [0m] Started Wait until snapd is fully seeded.
[[0;32m  OK  [0m] Reached target Multi-User System.
[[0;32m  OK  [0m] Reached target Graphical Interface.
         Starting Update UTMP about System Runlevel Changes...
         Starting Apply the settings specified in cloud-config...
[[0;32m  OK  [0m] Started User Manager for UID 1000.
[[0;32m  OK  [0m] Started Update UTMP about System Runlevel Changes.
[   13.623573] cloud-init[1328]: Generating locales (this might take a while)...
[   15.761974] cloud-init[1328]:   en_US.UTF-8... done
[   15.763282] cloud-init[1328]: Generation complete.
[   16.132888] cloud-init[1328]: Cloud-init v. 21.1-19-gbad84ad4-0ubuntu1~16.04.2 running 'modules:config' at Sat, 18 Nov 2023 23:32:11 +0000. Up 13.29 seconds.

Ubuntu 16.04.7 LTS ubuntu-xenial ttyS0

ubuntu-xenial login: ci-info: no authorized SSH keys fingerprints found for user ubuntu.
<14>Nov 18 23:32:14 ec2: 
<14>Nov 18 23:32:14 ec2: #############################################################
<14>Nov 18 23:32:14 ec2: -----BEGIN SSH HOST KEY FINGERPRINTS-----
<14>Nov 18 23:32:14 ec2: 1024 SHA256:DuQRwpdWmhmE0fYoSRaH1mvX6tIgDnuUnaf0n1DYc9g root@ubuntu-xenial (DSA)
<14>Nov 18 23:32:14 ec2: 256 SHA256:0puLv15dBq+yJcBwnsHmk+cojJvq7fMfaNg7PPpCuXc root@ubuntu-xenial (ECDSA)
<14>Nov 18 23:32:14 ec2: 256 SHA256:R8Mu0qbg02J7vOztqMBB8pebb7rvvYK8PC5qJmsQNCY root@ubuntu-xenial (ED25519)
<14>Nov 18 23:32:14 ec2: 2048 SHA256:zqXSy2YrGjU3K/fJaAIMxWqU7N8WieUUw5o8xekHKS4 root@ubuntu-xenial (RSA)
<14>Nov 18 23:32:14 ec2: -----END SSH HOST KEY FINGERPRINTS-----
<14>Nov 18 23:32:14 ec2: #############################################################
-----BEGIN SSH HOST KEY KEYS-----
ecdsa-sha2-nistp256 AAAAE2VjZHNhLXNoYTItbmlzdHAyNTYAAAAIbmlzdHAyNTYAAABBBCGa6HlRUWiyvD7oISPBZ3vYyqkdEJ/QKBdUjUfcs+5O10D8nRjRYPapjxTGh8Hhq5QqlsUpJQYsJ6mkJyNWzt4= root@ubuntu-xenial
ssh-ed25519 AAAAC3NzaC1lZDI1NTE5AAAAIJ+5GMHuv74FzmwEsCCX1bJ4+GQlrAS/TM/7/xye0BqU root@ubuntu-xenial
ssh-rsa AAAAB3NzaC1yc2EAAAADAQABAAABAQCyzJNEYurk5LMSwodrpnflNT9TE+vmtTY+5sQvs07R/0Pi4Aq8ffgkClH3S6t4/VdJKBGUMFuyD773xleJZfwy8zaSRRsw3gqLxOFWjbrLJQQXuSAoRAHN9e1UopaNh6jGFzKfA0VJimoEacVfTy7cbRH4MJUjdxkdWOwaBgUrmHmwR27m+PvqS3bERWAlQCcaJHczHaV/fpmv/J2X1JLt5WVHayfCyyaoL7MCyYr1ljiCoAozfv6Wo/WY7/h0dEhnjiA7Vvqzg5sDRXSNJqFj8uVX9lB/VH2fs/acoHqYZ5agoaBzsQPzsT9TgJU4FydlN4baxzALAMLR9lh9395v root@ubuntu-xenial
-----END SSH HOST KEY KEYS-----
[   16.746683] cloud-init[1517]: Cloud-init v. 21.1-19-gbad84ad4-0ubuntu1~16.04.2 running 'modules:final' at Sat, 18 Nov 2023 23:32:14 +0000. Up 16.55 seconds.
[   16.748527] cloud-init[1517]: ci-info: no authorized SSH keys fingerprints found for user ubuntu.
[   16.749539] cloud-init[1517]: Cloud-init v. 21.1-19-gbad84ad4-0ubuntu1~16.04.2 finished at Sat, 18 Nov 2023 23:32:14 +0000. Datasource DataSourceNoCloud [seed=/dev/sdb][dsmode=net].  Up 16.73 seconds
                                                                                                                                                                                                                                                                                                                                                                                                                                                                                                                                                                                                                                                                                                                                                                                                                                                                                                                                                                                                                             