[    0.000000] Initializing cgroup subsys cpuset
[    0.000000] Initializing cgroup subsys cpu
[    0.000000] Initializing cgroup subsys cpuacct
[    0.000000] Linux version 4.4.0-210-generic (buildd@lgw01-amd64-009) (gcc version 5.4.0 20160609 (Ubuntu 5.4.0-6ubuntu1~16.04.12) ) #242-Ubuntu SMP Fri Apr 16 09:57:56 UTC 2021 (Ubuntu 4.4.0-210.242-generic 4.4.262)
[    0.000000] Command line: BOOT_IMAGE=/boot/vmlinuz-4.4.0-210-generic root=LABEL=cloudimg-rootfs ro console=tty1 console=ttyS0
[    0.000000] KERNEL supported cpus:
[    0.000000]   Intel GenuineIntel
[    0.000000]   AMD AuthenticAMD
[    0.000000]   Centaur CentaurHauls
[    0.000000] x86/fpu: xstate_offset[2]:  576, xstate_sizes[2]:  256
[    0.000000] x86/fpu: Supporting XSAVE feature 0x01: 'x87 floating point registers'
[    0.000000] x86/fpu: Supporting XSAVE feature 0x02: 'SSE registers'
[    0.000000] x86/fpu: Supporting XSAVE feature 0x04: 'AVX registers'
[    0.000000] x86/fpu: Enabled xstate features 0x7, context size is 832 bytes, using 'standard' format.
[    0.000000] e820: BIOS-provided physical RAM map:
[    0.000000] BIOS-e820: [mem 0x0000000000000000-0x000000000009fbff] usable
[    0.000000] BIOS-e820: [mem 0x000000000009fc00-0x000000000009ffff] reserved
[    0.000000] BIOS-e820: [mem 0x00000000000f0000-0x00000000000fffff] reserved
[    0.000000] BIOS-e820: [mem 0x0000000000100000-0x000000003ffeffff] usable
[    0.000000] BIOS-e820: [mem 0x000000003fff0000-0x000000003fffffff] ACPI data
[    0.000000] BIOS-e820: [mem 0x00000000fec00000-0x00000000fec00fff] reserved
[    0.000000] BIOS-e820: [mem 0x00000000fee00000-0x00000000fee00fff] reserved
[    0.000000] BIOS-e820: [mem 0x00000000fffc0000-0x00000000ffffffff] reserved
[    0.000000] NX (Execute Disable) protection: active
[    0.000000] SMBIOS 2.5 present.
[    0.000000] Hypervisor detected: KVM
[    0.000000] e820: last_pfn = 0x3fff0 max_arch_pfn = 0x400000000
[    0.000000] MTRR: Disabled
[    0.000000] x86/PAT: MTRRs disabled, skipping PAT initialization too.
[    0.000000] CPU MTRRs all blank - virtualized system.
[    0.000000] x86/PAT: Configuration [0-7]: WB  WT  UC- UC  WB  WT  UC- UC  
[    0.000000] found SMP MP-table at [mem 0x0009fff0-0x0009ffff] mapped at [ffff88000009fff0]
[    0.000000] Scanning 1 areas for low memory corruption
[    0.000000] RAMDISK: [mem 0x362dc000-0x37165fff]
[    0.000000] ACPI: Early table checksum verification disabled
[    0.000000] ACPI: RSDP 0x00000000000E0000 000024 (v02 VBOX  )
[    0.000000] ACPI: XSDT 0x000000003FFF0030 00003C (v01 VBOX   VBOXXSDT 00000001 ASL  00000061)
[    0.000000] ACPI: FACP 0x000000003FFF00F0 0000F4 (v04 VBOX   VBOXFACP 00000001 ASL  00000061)
[    0.000000] ACPI: DSDT 0x000000003FFF0610 002353 (v02 VBOX   VBOXBIOS 00000002 INTL 20200925)
[    0.000000] ACPI: FACS 0x000000003FFF0200 000040
[    0.000000] ACPI: FACS 0x000000003FFF0200 000040
[    0.000000] ACPI: APIC 0x000000003FFF0240 000054 (v02 VBOX   VBOXAPIC 00000001 ASL  00000061)
[    0.000000] ACPI: SSDT 0x000000003FFF02A0 00036C (v01 VBOX   VBOXCPUT 00000002 INTL 20200925)
[    0.000000] No NUMA configuration found
[    0.000000] Faking a node at [mem 0x0000000000000000-0x000000003ffeffff]
[    0.000000] NODE_DATA(0) allocated [mem 0x3ffeb000-0x3ffeffff]
[    0.000000] kvm-clock: Using msrs 4b564d01 and 4b564d00
[    0.000000] kvm-clock: cpu 0, msr 0:3ffe3001, primary cpu clock
[    0.000000] kvm-clock: using sched offset of 3137315675 cycles
[    0.000000] clocksource: kvm-clock: mask: 0xffffffffffffffff max_cycles: 0x1cd42e4dffb, max_idle_ns: 881590591483 ns
[    0.000000] Zone ranges:
[    0.000000]   DMA      [mem 0x0000000000001000-0x0000000000ffffff]
[    0.000000]   DMA32    [mem 0x0000000001000000-0x000000003ffeffff]
[    0.000000]   Normal   empty
[    0.000000]   Device   empty
[    0.000000] Movable zone start for each node
[    0.000000] Early memory node ranges
[    0.000000]   node   0: [mem 0x0000000000001000-0x000000000009efff]
[    0.000000]   node   0: [mem 0x0000000000100000-0x000000003ffeffff]
[    0.000000] Initmem setup node 0 [mem 0x0000000000001000-0x000000003ffeffff]
[    0.000000] ACPI: PM-Timer IO Port: 0x4008
[    0.000000] IOAPIC[0]: apic_id 1, version 32, address 0xfec00000, GSI 0-23
[    0.000000] ACPI: INT_SRC_OVR (bus 0 bus_irq 0 global_irq 2 dfl dfl)
[    0.000000] ACPI: INT_SRC_OVR (bus 0 bus_irq 9 global_irq 9 low level)
[    0.000000] Using ACPI (MADT) for SMP configuration information
[    0.000000] smpboot: Allowing 1 CPUs, 0 hotplug CPUs
[    0.000000] PM: Registered nosave memory: [mem 0x00000000-0x00000fff]
[    0.000000] PM: Registered nosave memory: [mem 0x0009f000-0x0009ffff]
[    0.000000] PM: Registered nosave memory: [mem 0x000a0000-0x000effff]
[    0.000000] PM: Registered nosave memory: [mem 0x000f0000-0x000fffff]
[    0.000000] e820: [mem 0x40000000-0xfebfffff] available for PCI devices
[    0.000000] Booting paravirtualized kernel on KVM
[    0.000000] clocksource: refined-jiffies: mask: 0xffffffff max_cycles: 0xffffffff, max_idle_ns: 7645519600211568 ns
[    0.000000] setup_percpu: NR_CPUS:512 nr_cpumask_bits:512 nr_cpu_ids:1 nr_node_ids:1
[    0.000000] PERCPU: Embedded 33 pages/cpu @ffff88003fc00000 s95192 r8192 d31784 u2097152
[    0.000000] Built 1 zonelists in Node order, mobility grouping on.  Total pages: 257912
[    0.000000] Policy zone: DMA32
[    0.000000] Kernel command line: BOOT_IMAGE=/boot/vmlinuz-4.4.0-210-generic root=LABEL=cloudimg-rootfs ro console=tty1 console=ttyS0
[    0.000000] PID hash table entries: 4096 (order: 3, 32768 bytes)
[    0.000000] Memory: 997924K/1048120K available (8644K kernel code, 1332K rwdata, 4044K rodata, 1492K init, 1164K bss, 50196K reserved, 0K cma-reserved)
[    0.000000] SLUB: HWalign=64, Order=0-3, MinObjects=0, CPUs=1, Nodes=1
[    0.000000] Kernel/User page tables isolation: enabled
[    0.000000] Hierarchical RCU implementation.
[    0.000000] 	Build-time adjustment of leaf fanout to 64.
[    0.000000] 	RCU restricting CPUs from NR_CPUS=512 to nr_cpu_ids=1.
[    0.000000] RCU: Adjusting geometry for rcu_fanout_leaf=64, nr_cpu_ids=1
[    0.000000] NR_IRQS:33024 nr_irqs:256 16
[    0.000000] Console: colour VGA+ 80x25
[    0.000000] console [tty1] enabled
[    0.000000] console [ttyS0] enabled
[    0.000000] tsc: Detected 1799.998 MHz processor
[    0.161331] Calibrating delay loop (skipped) preset value.. 3599.99 BogoMIPS (lpj=7199992)
[    0.163487] pid_max: default: 32768 minimum: 301
[    0.164752] ACPI: Core revision 20150930
[    0.167959] ACPI: 2 ACPI AML tables successfully acquired and loaded
[    0.169759] Security Framework initialized
[    0.170991] Yama: becoming mindful.
[    0.171982] AppArmor: AppArmor initialized
[    0.173352] Dentry cache hash table entries: 131072 (order: 8, 1048576 bytes)
[    0.176035] Inode-cache hash table entries: 65536 (order: 7, 524288 bytes)
[    0.177673] Mount-cache hash table entries: 2048 (order: 2, 16384 bytes)
[    0.179105] Mountpoint-cache hash table entries: 2048 (order: 2, 16384 bytes)
[    0.180934] Initializing cgroup subsys io
[    0.181975] Initializing cgroup subsys memory
[    0.183004] Initializing cgroup subsys devices
[    0.184119] Initializing cgroup subsys freezer
[    0.185328] Initializing cgroup subsys net_cls
[    0.186442] Initializing cgroup subsys perf_event
[    0.187638] Initializing cgroup subsys net_prio
[    0.188995] Initializing cgroup subsys hugetlb
[    0.190095] Initializing cgroup subsys pids
[    0.206969] mce: CPU supports 0 MCE banks
[    0.208169] process: using mwait in idle threads
[    0.209276] Last level iTLB entries: 4KB 64, 2MB 8, 4MB 8
[    0.210631] Last level dTLB entries: 4KB 64, 2MB 0, 4MB 0, 1GB 4
[    0.212000] Spectre V1 : Mitigation: usercopy/swapgs barriers and __user pointer sanitization
[    0.214183] Spectre V2 : Mitigation: Full generic retpoline
[    0.215397] Spectre V2 : Spectre v2 / SpectreRSB mitigation: Filling RSB on context switch
[    0.217384] Speculative Store Bypass: Vulnerable
[    0.218606] SRBDS: Unknown: Dependent on hypervisor status
[    0.220127] MDS: Mitigation: Clear CPU buffers
[    0.246377] Freeing SMP alternatives memory: 36K
[    0.253054] ftrace: allocating 32380 entries in 127 pages
[    0.310037] smpboot: APIC(0) Converting physical 0 to logical package 0
[    0.311618] smpboot: Max logical packages: 1
[    0.313236] x2apic enabled
[    0.314410] Switched APIC routing to physical x2apic.
[    0.317125] ..TIMER: vector=0x30 apic1=0 pin1=2 apic2=-1 pin2=-1
[    0.426636] smpboot: CPU0: Intel(R) Core(TM) i5-8265U CPU @ 1.60GHz (family: 0x6, model: 0x8e, stepping: 0xb)
[    0.429361] Performance Events: unsupported p6 CPU model 142 no PMU driver, software events only.
[    0.441567] KVM setup paravirtual spinlock
[    0.443301] x86: Booted up 1 node, 1 CPUs
[    0.444482] smpboot: Total of 1 processors activated (3599.99 BogoMIPS)
[    0.446298] devtmpfs: initialized
[    0.448680] evm: security.selinux
[    0.449607] evm: security.SMACK64
[    0.450700] evm: security.SMACK64EXEC
[    0.451650] evm: security.SMACK64TRANSMUTE
[    0.452847] evm: security.SMACK64MMAP
[    0.453973] evm: security.ima
[    0.455051] evm: security.capability
[    0.456229] clocksource: jiffies: mask: 0xffffffff max_cycles: 0xffffffff, max_idle_ns: 7645041785100000 ns
[    0.458478] futex hash table entries: 256 (order: 2, 16384 bytes)
[    0.460033] pinctrl core: initialized pinctrl subsystem
[    0.461265] RTC time:  5:30:26, date: 11/18/23
[    0.462751] NET: Registered protocol family 16
[    0.464011] cpuidle: using governor ladder
[    0.465067] cpuidle: using governor menu
[    0.466092] PCCT header not found.
[    0.467130] ACPI: bus type PCI registered
[    0.468123] acpiphp: ACPI Hot Plug PCI Controller Driver version: 0.5
[    0.469790] PCI: Using configuration type 1 for base access
[    0.472434] ACPI: Added _OSI(Module Device)
[    0.473462] ACPI: Added _OSI(Processor Device)
[    0.474546] ACPI: Added _OSI(3.0 _SCP Extensions)
[    0.475657] ACPI: Added _OSI(Processor Aggregator Device)
[    0.477600] ACPI: Executed 1 blocks of module-level executable AML code
[    0.481464] ACPI: Interpreter enabled
[    0.482430] ACPI: (supports S0 S5)
[    0.483397] ACPI: Using IOAPIC for interrupt routing
[    0.484752] PCI: Using host bridge windows from ACPI; if necessary, use "pci=nocrs" and report a bug
[    0.490287] ACPI: PCI Root Bridge [PCI0] (domain 0000 [bus 00-ff])
[    0.491736] acpi PNP0A03:00: _OSC: OS supports [ASPM ClockPM Segments MSI]
[    0.493520] acpi PNP0A03:00: _OSC: not requesting OS control; OS requires [ExtendedConfig ASPM ClockPM MSI]
[    0.495787] acpi PNP0A03:00: fail to add MMCONFIG information, can't access extended PCI configuration space under this bridge.
[    0.498545] PCI host bridge to bus 0000:00
[    0.499541] pci_bus 0000:00: root bus resource [io  0x0000-0x0cf7 window]
[    0.501026] pci_bus 0000:00: root bus resource [io  0x0d00-0xffff window]
[    0.502508] pci_bus 0000:00: root bus resource [mem 0x000a0000-0x000bffff window]
[    0.504588] pci_bus 0000:00: root bus resource [mem 0x40000000-0xfdffffff window]
[    0.506459] pci_bus 0000:00: root bus resource [bus 00-ff]
[    0.508920] pci 0000:00:01.1: legacy IDE quirk: reg 0x10: [io  0x01f0-0x01f7]
[    0.510536] pci 0000:00:01.1: legacy IDE quirk: reg 0x14: [io  0x03f6]
[    0.512018] pci 0000:00:01.1: legacy IDE quirk: reg 0x18: [io  0x0170-0x0177]
[    0.513547] pci 0000:00:01.1: legacy IDE quirk: reg 0x1c: [io  0x0376]
[    0.540172] pci 0000:00:07.0: quirk: [io  0x4000-0x403f] claimed by PIIX4 ACPI
[    0.542052] pci 0000:00:07.0: quirk: [io  0x4100-0x410f] claimed by PIIX4 SMB
[    0.551050] ACPI: PCI Interrupt Link [LNKA] (IRQs 5 9 10 *11)
[    0.553314] ACPI: PCI Interrupt Link [LNKB] (IRQs 5 9 *10 11)
[    0.555161] ACPI: PCI Interrupt Link [LNKC] (IRQs 5 *9 10 11)
[    0.557348] ACPI: PCI Interrupt Link [LNKD] (IRQs 5 9 10 *11)
[    0.559512] ACPI: Enabled 2 GPEs in block 00 to 07
[    0.561057] vgaarb: setting as boot device: PCI:0000:00:02.0
[    0.562314] vgaarb: device added: PCI:0000:00:02.0,decodes=io+mem,owns=io+mem,locks=none
[    0.563990] vgaarb: loaded
[    0.564646] vgaarb: bridge control possible 0000:00:02.0
[    0.565850] SCSI subsystem initialized
[    0.566769] ACPI: bus type USB registered
[    0.567835] usbcore: registered new interface driver usbfs
[    0.569124] usbcore: registered new interface driver hub
[    0.570586] usbcore: registered new device driver usb
[    0.571943] PCI: Using ACPI for IRQ routing
[    0.573256] NetLabel: Initializing
[    0.574267] NetLabel:  domain hash size = 128
[    0.575320] NetLabel:  protocols = UNLABELED CIPSOv4
[    0.576534] NetLabel:  unlabeled traffic allowed by default
[    0.577961] amd_nb: Cannot enumerate AMD northbridges
[    0.579195] clocksource: Switched to clocksource kvm-clock
[    0.587705] AppArmor: AppArmor Filesystem Enabled
[    0.589147] pnp: PnP ACPI init
[    0.590750] pnp: PnP ACPI: found 3 devices
[    0.598279] clocksource: acpi_pm: mask: 0xffffff max_cycles: 0xffffff, max_idle_ns: 2085701024 ns
[    0.600145] NET: Registered protocol family 2
[    0.601336] TCP established hash table entries: 8192 (order: 4, 65536 bytes)
[    0.602661] TCP bind hash table entries: 8192 (order: 5, 131072 bytes)
[    0.604213] TCP: Hash tables configured (established 8192 bind 8192)
[    0.605507] UDP hash table entries: 512 (order: 2, 16384 bytes)
[    0.606577] UDP-Lite hash table entries: 512 (order: 2, 16384 bytes)
[    0.607749] NET: Registered protocol family 1
[    0.608737] pci 0000:00:00.0: Limiting direct PCI/PCI transfers
[    0.609832] pci 0000:00:01.0: Activating ISA DMA hang workarounds
[    0.611348] Unpacking initramfs...
[    0.857964] Freeing initrd memory: 14888K
[    0.859099] clocksource: tsc: mask: 0xffffffffffffffff max_cycles: 0x19f227af07c, max_idle_ns: 440795246167 ns
[    0.861171] platform rtc_cmos: registered platform RTC device (no PNP device found)
[    0.862807] Scanning for low memory corruption every 60 seconds
[    0.864237] audit: initializing netlink subsys (disabled)
[    0.865301] audit: type=2000 audit(1700285431.303:1): initialized
[    0.866651] Initialise system trusted keyring
[    0.867697] HugeTLB registered 2 MB page size, pre-allocated 0 pages
[    0.870049] zbud: loaded
[    0.871432] VFS: Disk quotas dquot_6.6.0
[    0.872527] VFS: Dquot-cache hash table entries: 512 (order 0, 4096 bytes)
[    0.874169] squashfs: version 4.0 (2009/01/31) Phillip Lougher
[    0.875714] fuse init (API version 7.23)
[    0.876862] Key type big_key registered
[    0.877952] Allocating IMA MOK and blacklist keyrings.
[    0.879196] Key type asymmetric registered
[    0.880237] Asymmetric key parser 'x509' registered
[    0.881206] Block layer SCSI generic (bsg) driver version 0.4 loaded (major 249)
[    0.882763] io scheduler noop registered
[    0.883697] io scheduler deadline registered (default)
[    0.884748] io scheduler cfq registered
[    0.885682] pci_hotplug: PCI Hot Plug PCI Core version: 0.5
[    0.886796] pciehp: PCI Express Hot Plug Controller Driver version: 0.4
[    0.888531] ACPI: AC Adapter [AC] (on-line)
[    0.889504] input: Power Button as /devices/LNXSYSTM:00/LNXPWRBN:00/input/input0
[    0.892339] ACPI: Power Button [PWRF]
[    0.894090] input: Sleep Button as /devices/LNXSYSTM:00/LNXSLPBN:00/input/input1
[    0.895909] ACPI: Sleep Button [SLPF]
[    0.897524] ACPI: Battery Slot [BAT0] (battery present)
[    0.898681] GHES: HEST is not enabled!
[    0.899747] Serial: 8250/16550 driver, 32 ports, IRQ sharing enabled
[    0.921769] 00:02: ttyS0 at I/O 0x3f8 (irq = 4, base_baud = 115200) is a 16550A
[    0.924684] Linux agpgart interface v0.103
[    0.926515] loop: module loaded
[    0.927749] scsi host0: ata_piix
[    0.928582] scsi host1: ata_piix
[    0.929430] ata1: PATA max UDMA/33 cmd 0x1f0 ctl 0x3f6 bmdma 0xd000 irq 14
[    0.930660] ata2: PATA max UDMA/33 cmd 0x170 ctl 0x376 bmdma 0xd008 irq 15
[    0.932187] libphy: Fixed MDIO Bus: probed
[    0.933082] tun: Universal TUN/TAP device driver, 1.6
[    0.934088] tun: (C) 1999-2004 Max Krasnyansky <maxk@qualcomm.com>
[    0.935502] PPP generic driver version 2.4.2
[    0.936674] ehci_hcd: USB 2.0 'Enhanced' Host Controller (EHCI) Driver
[    0.938116] ehci-pci: EHCI PCI platform driver
[    0.939060] ehci-platform: EHCI generic platform driver
[    0.940180] ohci_hcd: USB 1.1 'Open' Host Controller (OHCI) Driver
[    0.941431] ohci-pci: OHCI PCI platform driver
[    0.942443] ohci-platform: OHCI generic platform driver
[    0.943536] uhci_hcd: USB Universal Host Controller Interface driver
[    0.944899] i8042: PNP: PS/2 Controller [PNP0303:PS2K,PNP0f03:PS2M] at 0x60,0x64 irq 1,12
[    0.946968] serio: i8042 KBD port at 0x60,0x64 irq 1
[    0.948024] serio: i8042 AUX port at 0x60,0x64 irq 12
[    0.949057] mousedev: PS/2 mouse device common for all mice
[    0.950300] input: AT Translated Set 2 keyboard as /devices/platform/i8042/serio0/input/input2
[    0.952242] rtc_cmos rtc_cmos: rtc core: registered rtc_cmos as rtc0
[    0.953476] rtc_cmos rtc_cmos: alarms up to one day, 114 bytes nvram
[    0.954976] i2c /dev entries driver
[    0.955938] device-mapper: uevent: version 1.0.3
[    0.956940] device-mapper: ioctl: 4.34.0-ioctl (2015-10-28) initialised: dm-devel@redhat.com
[    0.958677] ledtrig-cpu: registered to indicate activity on CPUs
[    0.960086] NET: Registered protocol family 10
[    0.961282] NET: Registered protocol family 17
[    0.962260] Key type dns_resolver registered
[    0.963327] registered taskstats version 1
[    0.964287] Loading compiled-in X.509 certificates
[    0.965732] Loaded X.509 cert 'Build time autogenerated kernel key: cf00e047681d67edb2720680708b7d9498083038'
[    0.967582] zswap: loaded using pool lzo/zbud
[    0.970976] Key type trusted registered
[    0.974309] Key type encrypted registered
[    0.975199] AppArmor: AppArmor sha1 policy hashing enabled
[    0.976325] ima: No TPM chip found, activating TPM-bypass!
[    0.977527] ima: Allocated hash algorithm: sha1
[    0.978625] evm: HMAC attrs: 0x1
[    0.979579]   Magic number: 15:389:517
[    0.980596] rtc_cmos rtc_cmos: setting system clock to 2023-11-18 05:30:27 UTC (1700285427)
[    0.982294] BIOS EDD facility v0.16 2004-Jun-25, 0 devices found
[    0.983408] EDD information not available.
[    1.117861] Freeing unused kernel memory: 1492K
[    1.120855] Write protecting the kernel read-only data: 14336k
[    1.124128] Freeing unused kernel memory: 1584K
[    1.126492] Freeing unused kernel memory: 52K
Loading, please wait...
starting version 229
[    1.142315] random: udevadm: uninitialized urandom read (16 bytes read, 3 bits of entropy available)
[    1.145217] random: systemd-udevd: uninitialized urandom read (16 bytes read, 3 bits of entropy available)
[    1.147954] random: systemd-udevd: uninitialized urandom read (16 bytes read, 3 bits of entropy available)
[    1.150241] random: systemd-udevd: uninitialized urandom read (16 bytes read, 3 bits of entropy available)
[    1.152692] random: udevadm: uninitialized urandom read (16 bytes read, 3 bits of entropy available)
[    1.156272] random: systemd-udevd: uninitialized urandom read (16 bytes read, 3 bits of entropy available)
[    1.164225] random: systemd-udevd: uninitialized urandom read (16 bytes read, 3 bits of entropy available)
[    1.168279] random: systemd-udevd: uninitialized urandom read (16 bytes read, 3 bits of entropy available)
[    1.172296] random: udevadm: uninitialized urandom read (16 bytes read, 3 bits of entropy available)
[    1.174619] random: systemd-udevd: uninitialized urandom read (16 bytes read, 3 bits of entropy available)
[    1.256031] e1000: Intel(R) PRO/1000 Network Driver - version 7.3.21-k8-NAPI
[    1.257423] e1000: Copyright (c) 1999-2006 Intel Corporation.
[    1.264066] Fusion MPT base driver 3.04.20
[    1.265102] Copyright (c) 1999-2008 LSI Corporation
[    1.275075] Fusion MPT SPI Host driver 3.04.20
[    1.330711] AVX2 version of gcm_enc/dec engaged.
[    1.331736] AES CTR mode by8 optimization enabled
[    1.484078] input: ImExPS/2 Generic Explorer Mouse as /devices/platform/i8042/serio1/input/input4
[    1.683097] e1000 0000:00:03.0 eth0: (PCI:33MHz:32-bit) 02:be:82:6b:cc:1d
[    1.684425] e1000 0000:00:03.0 eth0: Intel(R) PRO/1000 Network Connection
[    1.686188] mptbase: ioc0: Initiating bringup
[    1.756691] ioc0: LSI53C1030 A0: Capabilities={Initiator}
[    1.929043] scsi host2: ioc0: LSI53C1030 A0, FwRev=00000000h, Ports=1, MaxQ=256, IRQ=20
[    2.049248] scsi 2:0:0:0: Direct-Access     VBOX     HARDDISK         1.0  PQ: 0 ANSI: 5
[    2.051969] scsi target2:0:0: Beginning Domain Validation
[    2.055619] scsi target2:0:0: Domain Validation skipping write tests
[    2.058634] scsi target2:0:0: Ending Domain Validation
[    2.061282] scsi target2:0:0: asynchronous
[    2.063970] scsi 2:0:1:0: Direct-Access     VBOX     HARDDISK         1.0  PQ: 0 ANSI: 5
[    2.067379] scsi target2:0:1: Beginning Domain Validation
[    2.071676] scsi target2:0:1: Domain Validation skipping write tests
[    2.074655] scsi target2:0:1: Ending Domain Validation
[    2.087073] scsi target2:0:1: asynchronous
[    2.212374] sd 2:0:0:0: Attached scsi generic sg0 type 0
[    2.227147] sd 2:0:0:0: [sda] 83886080 512-byte logical blocks: (42.9 GB/40.0 GiB)
[    2.233805] sd 2:0:0:0: [sda] Write Protect is off
[    2.239508] sd 2:0:0:0: [sda] Incomplete mode parameter data
[    2.240912] sd 2:0:0:0: [sda] Assuming drive cache: write through
[    2.251589] sd 2:0:1:0: Attached scsi generic sg1 type 0
[    2.253040] sd 2:0:1:0: [sdb] 20480 512-byte logical blocks: (10.5 MB/10.0 MiB)
[    2.255000] sd 2:0:1:0: [sdb] Write Protect is off
[    2.256120]  sda: sda1
[    2.257283] sd 2:0:0:0: [sda] Attached SCSI disk
[    2.258234] sd 2:0:1:0: [sdb] Incomplete mode parameter data
[    2.259308] sd 2:0:1:0: [sdb] Assuming drive cache: write through
[    2.284664] sd 2:0:1:0: [sdb] Attached SCSI disk
[    2.464262] e1000 0000:00:08.0 eth1: (PCI:33MHz:32-bit) 08:00:27:df:a8:1a
[    2.465539] e1000 0000:00:08.0 eth1: Intel(R) PRO/1000 Network Connection
[    2.467764] e1000 0000:00:08.0 enp0s8: renamed from eth1
[    2.471045] e1000 0000:00:03.0 enp0s3: renamed from eth0
Begin: Loading essential drivers ... [    3.959813] md: linear personality registered for level -1
[    3.963613] md: multipath personality registered for level -4
[    3.967207] md: raid0 personality registered for level 0
[    3.972930] md: raid1 personality registered for level 1
[    4.065129] raid6: sse2x1   gen() 13865 MB/s
[    4.145118] raid6: sse2x1   xor()  8288 MB/s
[    4.230688] raid6: sse2x2   gen() 15085 MB/s
[    4.313873] raid6: sse2x2   xor() 10550 MB/s
[    4.392051] raid6: sse2x4   gen() 18004 MB/s
[    4.473764] raid6: sse2x4   xor()  8630 MB/s
[    4.556013] raid6: avx2x1   gen() 20253 MB/s
[    4.637873] raid6: avx2x2   gen() 26375 MB/s
[    4.717763] raid6: avx2x4   gen() 29019 MB/s
[    4.718783] raid6: using algorithm avx2x4 gen() 29019 MB/s
[    4.720110] raid6: using avx2x2 recovery algorithm
[    4.723234] xor: automatically using best checksumming function:
[    4.854182]    avx       : 103155.000 MB/sec
[    4.857080] async_tx: api initialized (async)
[    4.870712] md: raid6 personality registered for level 6
[    4.871996] md: raid5 personality registered for level 5
[    4.873084] md: raid4 personality registered for level 4
[    4.880249] md: raid10 personality registered for level 10
done.
Begin: Running /scripts/init-premount ... done.
Begin: Mounting root file system ... Begin: Running /scripts/local-top ... done.
Begin: Running /scripts/local-premount ... [    4.916180] Btrfs loaded
Scanning for Btrfs filesystems
done.
Warning: fsck not present, so skipping root file system
[    4.942235] EXT4-fs (sda1): mounted filesystem with ordered data mode. Opts: (null)
done.
Begin: Running /scripts/local-bottom ... done.
Begin: Running /scripts/init-bottom ... done.
[    5.027203] systemd[1]: systemd 229 running in system mode. (+PAM +AUDIT +SELINUX +IMA +APPARMOR +SMACK +SYSVINIT +UTMP +LIBCRYPTSETUP +GCRYPT +GNUTLS +ACL +XZ -LZ4 +SECCOMP +BLKID +ELFUTILS +KMOD -IDN)
[    5.030430] systemd[1]: Detected virtualization oracle.
[    5.031466] systemd[1]: Detected architecture x86-64.

Welcome to [1mUbuntu 16.04.7 LTS[0m!

[    5.040153] systemd[1]: Set hostname to <ubuntu>.
[    5.042569] systemd[1]: Initializing machine ID from random generator.
[    5.043821] systemd[1]: Installed transient /etc/machine-id file.
[    5.163783] systemd[1]: Listening on Journal Audit Socket.
[[0;32m  OK  [0m] Listening on Journal Audit Socket.
[    5.166063] systemd[1]: Listening on udev Control Socket.
[[0;32m  OK  [0m] Listening on udev Control Socket.
[    5.168535] systemd[1]: Created slice System Slice.
[[0;32m  OK  [0m] Created slice System Slice.
[    5.171152] systemd[1]: Created slice system-serial\x2dgetty.slice.
[[0;32m  OK  [0m] Created slice system-serial\x2dgetty.slice.
[    5.173120] systemd[1]: Reached target System Time Synchronized.
[[0;32m  OK  [0m] Reached target System Time Synchronized.
[    5.175012] systemd[1]: Listening on Device-mapper event daemon FIFOs.
[[0;32m  OK  [0m] Listening on Device-mapper event daemon FIFOs.
[    5.177147] systemd[1]: Started Forward Password Requests to Wall Directory Watch.
[[0;32m  OK  [0m] Started Forward Password Requests to Wall Directory Watch.
[    5.180251] systemd[1]: Created slice User and Session Slice.
[[0;32m  OK  [0m] Created slice User and Session Slice.
[    5.182227] systemd[1]: Reached target Slices.
[[0;32m  OK  [0m] Reached target Slices.
[    5.191572] systemd[1]: Listening on Journal Socket (/dev/log).
[[0;32m  OK  [0m] Listening on Journal Socket (/dev/log).
[    5.193668] systemd[1]: Listening on /dev/initctl Compatibility Named Pipe.
[[0;32m  OK  [0m] Listening on /dev/initctl Compatibility Named Pipe.
[    5.195941] systemd[1]: Reached target User and Group Name Lookups.
[[0;32m  OK  [0m] Reached target User and Group Name Lookups.
[    5.198034] systemd[1]: Listening on LVM2 metadata daemon socket.
[[0;32m  OK  [0m] Listening on LVM2 metadata daemon socket.
[    5.200091] systemd[1]: Set up automount Arbitrary Executable File Formats File System Automount Point.
[[0;32m  OK  [0m] Set up automount Arbitrary Executab...ats File System Automount Point.
[    5.203488] systemd[1]: Started Trigger resolvconf update for networkd DNS.
[[0;32m  OK  [0m] Started Trigger resolvconf update for networkd DNS.
[    5.206262] systemd[1]: Listening on udev Kernel Socket.
[[0;32m  OK  [0m] Listening on udev Kernel Socket.
[    5.207865] systemd[1]: Reached target Swap.
[[0;32m  OK  [0m] Reached target Swap.
[    5.209247] systemd[1]: Listening on Syslog Socket.
[[0;32m  OK  [0m] Listening on Syslog Socket.
[    5.210816] systemd[1]: Listening on Journal Socket.
[[0;32m  OK  [0m] Listening on Journal Socket.
[    5.213657] systemd[1]: Starting Monitoring of LVM2 mirrors, snapshots etc. using dmeventd or progress polling...
         Starting Monitoring of LVM2 mirrors... dmeventd or progress polling...
[    5.218154] systemd[1]: Starting Journal Service...
         Starting Journal Service...
[    5.225595] systemd[1]: Mounting Debug File System...
         Mounting Debug File System...
[    5.242551] systemd[1]: Mounting Huge Pages File System...
         Mounting Huge Pages File System...
[    5.247428] systemd[1]: Starting Load Kernel Modules...
         Starting Load Kernel Modules...
[    5.250484] systemd[1]: Starting Create list of required static device nodes for the current kernel...
         Starting Create list of required st... nodes for the current kernel...
[    5.260299] systemd[1]: Starting Uncomplicated firewall...
         Starting Uncomplicated firewall...
[    5.264509] Loading iSCSI transport class v2.0-870.
[    5.266334] systemd[1]: Reached target Encrypted Volumes.
[[0;32m  OK  [0m] Reached target Encrypted Volumes.
[    5.270348] systemd[1]: Listening on LVM2 poll daemon socket.
[[0;32m  OK  [0m] Listening on LVM2 poll daemon socket.
[    5.276464] systemd[1]: Starting Nameserver information manager...
[    5.280317] iscsi: registered transport (tcp)
         Starting Nameserver information manager...
[    5.290045] systemd[1]: Mounting POSIX Message Queue File System...
         Mounting POSIX Message Queue File System...
[    5.293796] systemd[1]: Listening on fsck to fsckd communication Socket.
[[0;32m  OK  [0m] Listening on fsck to fsckd communication Socket.
[    5.300454] systemd[1]: Starting File System Check on Root Device...
         Starting File System Check on Root Device...
[    5.307792] systemd[1]: Starting Set console keymap...
         Starting Set console keymap...
[    5.316260] systemd[1]: Mounted Huge Pages File System.
[[0;32m  OK  [0m] Mounted Huge Pages File System.
[    5.319190] systemd[1]: Mounted POSIX Message Queue File System.
[[0;32m  OK  [0m] Mounted POSIX Message Queue File System.
[    5.324060] systemd[1]: Mounted Debug File System.
[[0;32m  OK  [0m] Mounted Debug File System.
[    5.326702] systemd[1]: Started Journal Service.
[[0;32m  OK  [0m] Started Journal Service.
[[0;32m  OK  [0m] Started Create list of required sta...ce nodes for the current kernel.
[[0;32m  OK  [0m] Started Uncomplicated firewall.
[[0;32m  OK  [0m] Started LVM2 metadata daemon.
[[0;32m  OK  [0m] Started File System Check Daemon to report status.
         Starting Create Static Device Nodes in /dev...
[[0;32m  OK  [0m] Started Nameserver information manager.
[[0;32m  OK  [0m] Started File System Check on Root Device.
         Starting Remount Root and Kernel File Systems...
[    5.374501] EXT4-fs (sda1): re-mounted. Opts: (null)
[    5.378281] iscsi: registered transport (iser)
[[0;32m  OK  [0m] Started Remount Root and Kernel File Systems.
         Starting udev Coldplug all Devices...
         Starting Flush Journal to Persistent Storage...
         Starting Load/Save Random Seed...
[[0;32m  OK  [0m] Started Load/Save Random Seed.
[    5.414663] systemd-journald[365]: Received request to flush runtime journal from PID 1
[[0;32m  OK  [0m] Started Create Static Device Nodes in /dev.
[[0;32m  OK  [0m] Started Load Kernel Modules.
[[0;32m  OK  [0m] Started Flush Journal to Persistent Storage.
         Starting Apply Kernel Variables...
         Mounting FUSE Control File System...
         Starting udev Kernel Device Manager...
[[0;32m  OK  [0m] Mounted FUSE Control File System.
[[0;32m  OK  [0m] Started Apply Kernel Variables.
[[0;32m  OK  [0m] Started udev Kernel Device Manager.
[[0;32m  OK  [0m] Started udev Coldplug all Devices.
[[0;32m  OK  [0m] Started Set console keymap.
[[0;32m  OK  [0m] Started Dispatch Password Requests to Console Directory Watch.
[[0;32m  OK  [0m] Started Monitoring of LVM2 mirrors,...ng dmeventd or progress polling.
[[0;32m  OK  [0m] Reached target Local File Systems (Pre).
[[0;32m  OK  [0m] Reached target Local File Systems.
         Starting Commit a transient machine-id on disk...
         Starting Initial cloud-init job (pre-networking)...
         Starting LSB: AppArmor initialization...
         Starting Tell Plymouth To Write Out Runtime Data...
         Starting Create Volatile Files and Directories...
         Starting Set console font and keymap...
[[0;32m  OK  [0m] Started Commit a transient machine-id on disk.
[[0;32m  OK  [0m] Started Tell Plymouth To Write Out Runtime Data.
[[0;32m  OK  [0m] Started Create Volatile Files and Directories.
         Starting Update UTMP about System Boot/Shutdown...
[[0;32m  OK  [0m] Started Update UTMP about System Boot/Shutdown.
[[0;32m  OK  [0m] Found device /dev/ttyS0.
[[0;32m  OK  [0m] Listening on Load/Save RF Kill Switch Status /dev/rfkill Watch.
[    8.314340] cloud-init[493]: Cloud-init v. 21.1-19-gbad84ad4-0ubuntu1~16.04.2 running 'init-local' at Sat, 18 Nov 2023 05:30:34 +0000. Up 7.38 seconds.
[[0;32m  OK  [0m] Started Initial cloud-init job (pre-networking).
[[0;32m  OK  [0m] Reached target Network (Pre).
[[0;32m  OK  [0m] Started Set console font and keymap.
[[0;32m  OK  [0m] Created slice system-getty.slice.
[[0;32m  OK  [0m] Started LSB: AppArmor initialization.
         Starting Raise network interfaces...
         Starting Load AppArmor profiles managed internally by snapd...
[[0;32m  OK  [0m] Started Load AppArmor profiles managed internally by snapd.
[[0;32m  OK  [0m] Started Raise network interfaces.
[[0;32m  OK  [0m] Reached target Network.
         Starting Initial cloud-init job (metadata service crawler)...
[   10.803246] cloud-init[966]: Cloud-init v. 21.1-19-gbad84ad4-0ubuntu1~16.04.2 running 'init' at Sat, 18 Nov 2023 05:30:37 +0000. Up 10.30 seconds.
[   10.804596] cloud-init[966]: ci-info: ++++++++++++++++++++++++++++++++++++++Net device info+++++++++++++++++++++++++++++++++++++++
[   10.805895] cloud-init[966]: ci-info: +--------+-------+----------------------------+---------------+--------+-------------------+
[   10.807120] cloud-init[966]: ci-info: | Device |   Up  |          Address           |      Mask     | Scope  |     Hw-Address    |
[   10.816530] cloud-init[966]: ci-info: +--------+-------+----------------------------+---------------+--------+-------------------+
[   10.817952] cloud-init[966]: ci-info: | enp0s3 |  True |         10.0.2.15          | 255.255.255.0 | global | 02:be:82:6b:cc:1d |
[   10.819257] cloud-init[966]: ci-info: | enp0s3 |  True | fe80::be:82ff:fe6b:cc1d/64 |       .       |  link  | 02:be:82:6b:cc:1d |
[   10.839938] cloud-init[966]: ci-info: | enp0s8 | False |             .              |       .       |   .    | 08:00:27:df:a8:1a |
[   10.841433] cloud-init[966]: ci-info: |   lo   |  True |         127.0.0.1          |   255.0.0.0   |  host  |         .         |
[   10.843120] cloud-init[966]: ci-info: |   lo   |  True |          ::1/128           |       .       |  host  |         .         |
[   10.844480] cloud-init[966]: ci-info: +--------+-------+----------------------------+---------------+--------+-------------------+
[   10.845886] cloud-init[966]: ci-info: +++++++++++++++++++++++++++Route IPv4 info++++++++++++++++++++++++++++
[   10.848341] cloud-init[966]: ci-info: +-------+-------------+----------+---------------+-----------+-------+
[   10.849701] cloud-init[966]: ci-info: | Route | Destination | Gateway  |    Genmask    | Interface | Flags |
[   10.852345] cloud-init[966]: ci-info: +-------+-------------+----------+---------------+-----------+-------+
[   10.853500] cloud-init[966]: ci-info: |   0   |   0.0.0.0   | 10.0.2.2 |    0.0.0.0    |   enp0s3  |   UG  |
[   10.856312] cloud-init[966]: ci-info: |   1   |   10.0.2.0  | 0.0.0.0  | 255.255.255.0 |   enp0s3  |   U   |
[   10.857335] cloud-init[966]: ci-info: +-------+-------------+----------+---------------+-----------+-------+
[   10.858656] cloud-init[966]: ci-info: +++++++++++++++++++Route IPv6 info+++++++++++++++++++
[   10.860415] cloud-init[966]: ci-info: +-------+-------------+---------+-----------+-------+
[   10.861435] cloud-init[966]: ci-info: | Route | Destination | Gateway | Interface | Flags |
[   10.864257] cloud-init[966]: ci-info: +-------+-------------+---------+-----------+-------+
[   10.868426] cloud-init[966]: ci-info: |   0   |  fe80::/64  |    ::   |   enp0s3  |   U   |
[   10.869451] cloud-init[966]: ci-info: |   3   |   ff00::/8  |    ::   |   enp0s3  |   U   |
[   10.870622] cloud-init[966]: ci-info: +-------+-------------+---------+-----------+-------+
[   10.871737] cloud-init[966]: Generating public/private rsa key pair.
[   10.883579] cloud-init[966]: Your identification has been saved in /etc/ssh/ssh_host_rsa_key.
[   10.884959] cloud-init[966]: Your public key has been saved in /etc/ssh/ssh_host_rsa_key.pub.
[   10.886178] cloud-init[966]: The key fingerprint is:
[   10.887075] cloud-init[966]: SHA256:DAlRF5Nq6DIuBwuFnlxj++ahDnFaWBVVNBRG9N/uWAY root@ubuntu-xenial
[   10.888085] cloud-init[966]: The key's randomart image is:
[   10.888726] cloud-init[966]: +---[RSA 2048]----+
[   10.889411] cloud-init[966]: |    o=+.X%.      |
[   10.890118] cloud-init[966]: |    .. oo.o      |
[   10.890717] cloud-init[966]: | . . .o.   .     |
[   10.891734] [[0;32m  OK  [0m] Started Initial cloud-init job (metadata service crawler).
[[0;32m  OK  [0m] Reached target System Initialization.
[[0;32m  OK  [0m] Listening on ACPID Listen Socket.
cloud-init[966]: |. ++. oo    . .  |
         Starting LXD - unix socket.
[[0;32m  OK  [0m] Started Message of the Day.
[   10.897474] cloud-init[966]: |o+++o.  S    E . |
[   10.898193] cloud-init[966]: |o+B..         o  |
[   10.898935] cloud-init[966]: |.* o..         + |
[   10.900365] cloud-init[966]: |o + .o.       =  |
[   10.901185] cloud-init[966]: | o.oo.       . . |
[[0;32m  OK  [0m] Started ACPI Events Check.
[[0;32m  OK  [0m] Reached target Paths.
         Starting Socket activation for snappy daemon.
[   10.903912] cloud-init[966]: +----[SHA256]-----+
[[0;32m  OK  [0m] Started Daily apt download activities.
[   10.905590] cloud-init[966]: Generating public/private dsa key pair.
[[0;32m  OK  [0m] Started Daily apt upgrade and clean activities.
[   10.907414] cloud-init[966]: Your identification has been saved in /etc/ssh/ssh_host_dsa_key.[[0;32m  OK  [0m] Listening on D-Bus System Message Bus Socket.
[[0;32m  OK  [0m] Listening on UUID daemon activation socket.
[[0;32m  OK  [0m] Started Ubuntu Advantage update messaging.
[[0;32m  OK  [0m] Started Daily Cleanup of Temporary Directories.
[[0;32m  OK  [0m] Reached target Timers.
[[0;32m  OK  [0m
[   10.912223] cloud-init[966]: Your public key has been saved in /etc/ssh/ssh_host_dsa_key.pub.
[   10.912922] cloud-init[966]: The key fingerprint is:
[   10.913400] cloud-init[966]: SHA256:t48If+bLUhzw7PoMen4ud+c0qrp9Es/PKrU+7IHnsWE root@ubuntu-xenial
[   10.914305] cloud-init[966]: The key's randomart image is:
[   10.915182] cloud-init[966]: +---[DSA 1024]----+
[   10.915876] ] Reached target Cloud-config availability.
[[0;32m  OK  [0m] Reached target Network is Online.
         Starting iSCSI initiator daemon (iscsid)...
[[0;32m  OK  [0m] Listening on LXD - unix socket.
[[0;32m  OK  [0mcloud-init[966]: |                 |
[   10.920604] cloud-init[966]: |        .        |
[   10.921293] cloud-init[966]: |         +       |
[   10.921968] cloud-init[966]: |          +      |
[   10.922647] cloud-init[966]: |        So..     |
[   10.923329] cloud-init[966]: |         .=o.    |
] Listening on Socket activation for snappy daemon.
[[0;32m  OK  [0m] Reached target Sockets.
[   10.925367] cloud-init[[0;32m  OK  [0m] Reached target Basic System.
         Starting /etc/rc.local Compatibility...
         Starting Login Service...
         Starting LSB: Record successful boot for GRUB...[966]: |      . .oo*E.o  |
[   10.934199] cloud-init[966]: |       +=*B*OO.. |
[   10.936406] cloud-init[966]: |      .o*&@XO*+  |
[   10.937100] cloud-init[966]: +----[SHA256]-----+
[   10.938734] cloud-init[966]: Generating public/private ecdsa key pair.
[   10.939318] cloud-init[966]: Your identification has been saved in /etc/ssh/ssh_host_ecdsa_key.

[[0;32m  OK  [0m] Started ACPI event daemon.
         Starting System Logging Service...
[[0;32m  OK  [0m] Started Regular background program processing daemon.
[[0;32m  OK  [0m] Started D-Bus System Message Bus.
[   10.976625] cloud-init[966]: Your public key has been saved in /etc/ssh/ssh_host_ecdsa_key.pub.
[   10.979843] cloud-init[966]: The key fingerprint is:
[   10.986449] cloud-init[966]: SHA256:UOqGjZtl3NHvwoIF6OwFfPD/RFLP5QIxyL08gx3p3VU root@ubuntu-xenial
[   10.988736] cloud-init[966]: The key's randomart image is:
[   10.989982] cloud-init[966]: +---[ECDSA 256]---+
[   10.991150] cloud-init[966]: |    .  ..o=o  . E|
         Starting LXD - container startup/shutdown...
[[0;32m  OK  [0m] Started FUSE filesystem for LXC.
         Starting LSB: MD monitoring daemon...
         Starting Pollinate to seed the pseudo random number generator...
[[0;32m  OK  [0m] Started Deferred execution scheduler.
         Starting Virtualbox guest utils...
         Starting Snap Daemon...
         Starting Accounts Service...
[[0;32m  OK  [0m] Started System Logging Service.
[[0;32m  OK  [0m] Started /etc/rc.local Compatibility.
[[0;32m  OK  [0m] Started iSCSI initiator daemon (iscsid).
         Starting Login to default iSCSI targets...
[   10.998190] cloud-init[966]: |   . + ooo+= o  .|
[[0;32m  OK  [0m] Started Login Service.
[[0;32m  OK  [0m] Started Login to default iSCSI targets.
[   11.087080] [[0;32m  OK  [0m] Reached target Remote File Systems (Pre).
[[0;32m  OK  [0m] Reached target Remote File Systems.
         Starting LSB: automatic crash report generation...
         Starting LSB: Set the CPU Frequency Scaling governor to "ondemand"...
cloud-init[966]:          Starting Permit User Sessions...
         |    + * o=o++... |
[   11.102353] cloud-initStarting LSB: daemon to balance interrupts for SMP systems...
[[0;32m  OK  [0m] Started Unattended Upgrades Shutdown.
[[0;32m  OK  [0m] Started Permit User Sessions.
         Starting Hold until boot process finishes up...
         Starting Terminate Plymouth Boot Screen...
[[0;32m  OK  [0m] Started Hold until boot process finishes up.
[[0;32m  OK  [0m] Started Getty on tty1.
         Starting Set console scheme...
[[0;32m  OK  [0m] Started Serial Getty on ttyS0.
[[0;32m  OK  [0m] Reached target Login Prompts.
[[0;32m  OK  [0m] Started Set console scheme.
[[0;32m  OK  [0m] Started LSB: Record successful boot for GRUB.
[966]: [[0;32m  OK  [0m] Started Terminate Plymouth Boot Screen.
|   o O =.+B....  |
[   11.179903] cloud-init[966]: |    = O S .o.    |
[   11.187631] cloud-init[966]: |   . B o + .     |
[   11.193415] cloud-init[966]: |    + . . + .    |
[   11.195793] cloud-init[966]: |         . .     |
[   11.196754] cloud-init[966]: |                 |
[[0;32m  OK  [0m] Started LSB: Set the CPU Frequency Scaling governor to "ondemand".
[[0;32m  OK  [0m] Started LSB: MD monitoring daemon.
[   11.231776] cloud-init[966]: +----[SHA256]-----+
[   11.243289] cloud-init[966]: Generating public/private ed25519 key pair.
[   11.249920] cloud-init[966]: Your identification has been saved in /etc/ssh/ssh_host_ed25519_key.[[0;32m  OK  [0m] Started LSB: daemon to balance interrupts for SMP systems.
[[0;32m  OK  [0m] Started LSB: automatic crash report generation.

         Starting Authenticate and Authorize Users to Run Privileged Tasks...
[   11.265889] cloud-init[966]: Your public key has been saved in /etc/ssh/ssh_host_ed25519_key.pub.
[   11.282042] cloud-init[966]: The key fingerprint is:
[   11.288863] cloud-init[966]: SHA256:r7A2OK/gxaudFQrYtUjK4lA1C3JGYCGLE3HiY2P4aAc root@ubuntu-xenial
[   11.292768] cloud-init[966]: The key's randomart image is:
[   11.296665] cloud-init[966]: +--[ED25519 256]--+
[   11.300473] cloud-init[966]: |B*B o            |
[   11.301991] cloud-init[966]: |*O o o           |
[[0;32m  OK  [0m] Started LXD - container startup/shutdown.
[   11.329423] cloud-init[966]: |=Eo o            |
[   11.360494] cloud-init[966]: |+X+o .           |
[   11.362093] cloud-init[966]: |*o=.. . S        |
[   11.363257] cloud-init[966]: |= .o . . .       |
[   11.364752] cloud-init[966]: | .. +.o   .      |
[   11.365613] cloud-init[966]: | . +o+oo .       |
[   11.368440] cloud-init[966]: |  o.==o..        |
[[0;32m  OK  [0m] Started Authenticate and Authorize Users to Run Privileged Tasks.
[   11.369797] cloud-init[966]: +----[SHA256]-----+
[[0;32m  OK  [0m] Started Accounts Service.
[[0;32m  OK  [0m] Started Virtualbox guest utils.
[[0;32m  OK  [0m] Started Snap Daemon.
         Starting Wait until snapd is fully seeded...
[[0;32m  OK  [0m] Started Pollinate to seed the pseudo random number generator.
         Starting OpenBSD Secure Shell server...
[[0;32m  OK  [0m] Started OpenBSD Secure Shell server.
[[0;32m  OK  [0m] Created slice User Slice of vagrant.
         Starting User Manager for UID 1000...
[[0;32m  OK  [0m] Started Session 1 of user vagrant.
[[0;32m  OK  [0m] Started User Manager for UID 1000.
[[0;32m  OK  [0m] Started Wait until snapd is fully seeded.
         Starting Apply the settings specified in cloud-config...
[[0;32m  OK  [0m] Reached target Multi-User System.
[[0;32m  OK  [0m] Reached target Graphical Interface.
         Starting Update UTMP about System Runlevel Changes...
[[0;32m  OK  [0m] Started Update UTMP about System Runlevel Changes.
[   14.932916] cloud-init[1403]: Generating locales (this might take a while)...
[   16.438406] cloud-init[1403]:   en_US.UTF-8... done
[   16.439915] cloud-init[1403]: Generation complete.
[   16.830263] cloud-init[1403]: Cloud-init v. 21.1-19-gbad84ad4-0ubuntu1~16.04.2 running 'modules:config' at Sat, 18 Nov 2023 05:30:41 +0000. Up 14.56 seconds.

Ubuntu 16.04.7 LTS ubuntu-xenial ttyS0

ubuntu-xenial login: ci-info: no authorized SSH keys fingerprints found for user ubuntu.
<14>Nov 18 05:30:44 ec2: 
<14>Nov 18 05:30:44 ec2: #############################################################
<14>Nov 18 05:30:44 ec2: -----BEGIN SSH HOST KEY FINGERPRINTS-----
<14>Nov 18 05:30:44 ec2: 1024 SHA256:t48If+bLUhzw7PoMen4ud+c0qrp9Es/PKrU+7IHnsWE root@ubuntu-xenial (DSA)
<14>Nov 18 05:30:44 ec2: 256 SHA256:UOqGjZtl3NHvwoIF6OwFfPD/RFLP5QIxyL08gx3p3VU root@ubuntu-xenial (ECDSA)
<14>Nov 18 05:30:44 ec2: 256 SHA256:r7A2OK/gxaudFQrYtUjK4lA1C3JGYCGLE3HiY2P4aAc root@ubuntu-xenial (ED25519)
<14>Nov 18 05:30:44 ec2: 2048 SHA256:DAlRF5Nq6DIuBwuFnlxj++ahDnFaWBVVNBRG9N/uWAY root@ubuntu-xenial (RSA)
<14>Nov 18 05:30:44 ec2: -----END SSH HOST KEY FINGERPRINTS-----
<14>Nov 18 05:30:44 ec2: #############################################################
-----BEGIN SSH HOST KEY KEYS-----
ecdsa-sha2-nistp256 AAAAE2VjZHNhLXNoYTItbmlzdHAyNTYAAAAIbmlzdHAyNTYAAABBBCpa6bZCeYHJ0XSqfJGh4WN/tvJgBASd13IL9ndb3hkhTUtFmF/fgYUvHMB6PfP4SSXQgWCVIdkA0e3g+POu4aI= root@ubuntu-xenial
ssh-ed25519 AAAAC3NzaC1lZDI1NTE5AAAAIBZyr5KXJMfdmru1jkv+gZCztogrsEo9PkutE+l4c1Ua root@ubuntu-xenial
ssh-rsa AAAAB3NzaC1yc2EAAAADAQABAAABAQDfLm9wzZn6J5dNoDGDyBh2ToimO9mwUCSN7W4jbAnE//gwKIZA3iahxqdgE/tep+8zEaYap/FqJ8FhHaG9qQnj3F/guFH1YJDc1jtWSDQ8MHcgED90EyTtbkYK45EaaWJKKCFy0eUgNmGXpEJIS1q/QhhyHP9Mg1ZShNn/LvVgwP7BAniLZaFEwCGsaq2Tpdgfn9gWTYeoGwofgIASmfqwYerrac4yD/PcJEcJvethPfhtmIuaNwsmXaewCCP9mj4Pi85q9smwnaDoEp6IVPMFs+68uGV/fUixYmRaEviZWK8RuIY2jXaH9/pYPfd0EdvOvouIfNywCkji2kLVZ9Cx root@ubuntu-xenial
-----END SSH HOST KEY KEYS-----
[   17.661342] cloud-init[1565]: Cloud-init v. 21.1-19-gbad84ad4-0ubuntu1~16.04.2 running 'modules:final' at Sat, 18 Nov 2023 05:30:44 +0000. Up 17.46 seconds.
[   17.663893] cloud-init[1565]: ci-info: no authorized SSH keys fingerprints found for user ubuntu.
[   17.665018] cloud-init[1565]: Cloud-init v. 21.1-19-gbad84ad4-0ubuntu1~16.04.2 finished at Sat, 18 Nov 2023 05:30:44 +0000. Datasource DataSourceNoCloud [seed=/dev/sdb][dsmode=net].  Up 17.65 seconds
                                                                                                                                                                          